{"meta": {"format": 3, "version": "7.14.1", "timestamp": "2026-06-10T14:32:05.300392", "branch_coverage": false, "show_contexts": false}, "files": {"cardiolab/__init__.py": {"executed_lines": [], "summary": {"covered_lines": 0, "num_statements": 16, "percent_covered": 0.0, "percent_covered_display": "0.0", "missing_lines": 16, "excluded_lines": 0, "percent_statements_covered": 0.0, "percent_statements_covered_display": "0.0"}, "missing_lines": [37, 39, 40, 44, 45, 46, 58, 67, 70, 71, 72, 73, 74, 75, 76, 78], "excluded_lines": [], "functions": {"": {"executed_lines": [], "summary": {"covered_lines": 0, "num_statements": 16, "percent_covered": 0.0, "percent_covered_display": "0.0", "missing_lines": 16, "excluded_lines": 0, "percent_statements_covered": 0.0, "percent_statements_covered_display": "0.0"}, "missing_lines": [37, 39, 40, 44, 45, 46, 58, 67, 70, 71, 72, 73, 74, 75, 76, 78], "excluded_lines": [], "start_line": 1}}, "classes": {"": {"executed_lines": [], "summary": {"covered_lines": 0, "num_statements": 16, "percent_covered": 0.0, "percent_covered_display": "0.0", "missing_lines": 16, "excluded_lines": 0, "percent_statements_covered": 0.0, "percent_statements_covered_display": "0.0"}, "missing_lines": [37, 39, 40, 44, 45, 46, 58, 67, 70, 71, 72, 73, 74, 75, 76, 78], "excluded_lines": [], "start_line": 1}}}, "cardiolab/analytics/__init__.py": {"executed_lines": [], "summary": {"covered_lines": 0, "num_statements": 6, "percent_covered": 0.0, "percent_covered_display": "0.0", "missing_lines": 6, "excluded_lines": 0, "percent_statements_covered": 0.0, "percent_statements_covered_display": "0.0"}, "missing_lines": [3, 4, 5, 17, 26, 28], "excluded_lines": [], "functions": {"": {"executed_lines": [], "summary": {"covered_lines": 0, "num_statements": 6, "percent_covered": 0.0, "percent_covered_display": "0.0", "missing_lines": 6, "excluded_lines": 0, "percent_statements_covered": 0.0, "percent_statements_covered_display": "0.0"}, "missing_lines": [3, 4, 5, 17, 26, 28], "excluded_lines": [], "start_line": 1}}, "classes": {"": {"executed_lines": [], "summary": {"covered_lines": 0, "num_statements": 6, "percent_covered": 0.0, "percent_covered_display": "0.0", "missing_lines": 6, "excluded_lines": 0, "percent_statements_covered": 0.0, "percent_statements_covered_display": "0.0"}, "missing_lines": [3, 4, 5, 17, 26, 28], "excluded_lines": [], "start_line": 1}}}, "cardiolab/analytics/anomaly.py": {"executed_lines": [40, 41, 42, 43, 44, 45, 47, 69, 70, 71, 73, 75, 99, 100, 101, 103, 104, 106, 107, 109, 111, 141, 142, 143, 145, 146, 148, 168, 169, 170, 171, 172, 173, 174, 175, 176], "summary": {"covered_lines": 36, "num_statements": 45, "percent_covered": 80.0, "percent_covered_display": "80.0", "missing_lines": 9, "excluded_lines": 0, "percent_statements_covered": 80.0, "percent_statements_covered_display": "80.0"}, "missing_lines": [3, 5, 7, 8, 11, 52, 78, 118, 156], "excluded_lines": [], "functions": {"detect_rmssd_anomaly": {"executed_lines": [40, 41, 42, 43, 44, 45, 47], "summary": {"covered_lines": 7, "num_statements": 7, "percent_covered": 100.0, "percent_covered_display": "100.0", "missing_lines": 0, "excluded_lines": 0, "percent_statements_covered": 100.0, "percent_statements_covered_display": "100.0"}, "missing_lines": [], "excluded_lines": [], "start_line": 11}, "_simple": {"executed_lines": [69, 70, 71, 73, 75], "summary": {"covered_lines": 5, "num_statements": 5, "percent_covered": 100.0, "percent_covered_display": "100.0", "missing_lines": 0, "excluded_lines": 0, "percent_statements_covered": 100.0, "percent_statements_covered_display": "100.0"}, "missing_lines": [], "excluded_lines": [], "start_line": 52}, "_zscore": {"executed_lines": [99, 100, 101, 103, 104, 106, 107, 109, 111], "summary": {"covered_lines": 9, "num_statements": 9, "percent_covered": 100.0, "percent_covered_display": "100.0", "missing_lines": 0, "excluded_lines": 0, "percent_statements_covered": 100.0, "percent_statements_covered_display": "100.0"}, "missing_lines": [], "excluded_lines": [], "start_line": 78}, "_rolling": {"executed_lines": [141, 142, 143, 145, 146, 148], "summary": {"covered_lines": 6, "num_statements": 6, "percent_covered": 100.0, "percent_covered_display": "100.0", "missing_lines": 0, "excluded_lines": 0, "percent_statements_covered": 100.0, "percent_statements_covered_display": "100.0"}, "missing_lines": [], "excluded_lines": [], "start_line": 118}, "_interpret": {"executed_lines": [168, 169, 170, 171, 172, 173, 174, 175, 176], "summary": {"covered_lines": 9, "num_statements": 9, "percent_covered": 100.0, "percent_covered_display": "100.0", "missing_lines": 0, "excluded_lines": 0, "percent_statements_covered": 100.0, "percent_statements_covered_display": "100.0"}, "missing_lines": [], "excluded_lines": [], "start_line": 156}, "": {"executed_lines": [], "summary": {"covered_lines": 0, "num_statements": 9, "percent_covered": 0.0, "percent_covered_display": "0.0", "missing_lines": 9, "excluded_lines": 0, "percent_statements_covered": 0.0, "percent_statements_covered_display": "0.0"}, "missing_lines": [3, 5, 7, 8, 11, 52, 78, 118, 156], "excluded_lines": [], "start_line": 1}}, "classes": {"": {"executed_lines": [40, 41, 42, 43, 44, 45, 47, 69, 70, 71, 73, 75, 99, 100, 101, 103, 104, 106, 107, 109, 111, 141, 142, 143, 145, 146, 148, 168, 169, 170, 171, 172, 173, 174, 175, 176], "summary": {"covered_lines": 36, "num_statements": 45, "percent_covered": 80.0, "percent_covered_display": "80.0", "missing_lines": 9, "excluded_lines": 0, "percent_statements_covered": 80.0, "percent_statements_covered_display": "80.0"}, "missing_lines": [3, 5, 7, 8, 11, 52, 78, 118, 156], "excluded_lines": [], "start_line": 1}}}, "cardiolab/analytics/baseline.py": {"executed_lines": [49, 66, 80, 102, 103, 110, 111, 113, 127, 129, 130, 132, 133, 146, 148, 149, 151, 152, 162, 164, 165, 167, 168, 183, 185, 186, 188, 190, 191, 193, 207, 209, 210, 212, 218, 219, 221, 263, 265, 266, 268], "summary": {"covered_lines": 41, "num_statements": 68, "percent_covered": 60.294117647058826, "percent_covered_display": "60.3", "missing_lines": 27, "excluded_lines": 0, "percent_statements_covered": 60.294117647058826, "percent_statements_covered_display": "60.3"}, "missing_lines": [3, 5, 7, 9, 12, 13, 28, 29, 35, 36, 51, 52, 72, 86, 104, 105, 119, 135, 154, 170, 195, 227, 240, 242, 243, 245, 250], "excluded_lines": [], "functions": {"Baseline.from_features": {"executed_lines": [49], "summary": {"covered_lines": 1, "num_statements": 1, "percent_covered": 100.0, "percent_covered_display": "100.0", "missing_lines": 0, "excluded_lines": 0, "percent_statements_covered": 100.0, "percent_statements_covered_display": "100.0"}, "missing_lines": [], "excluded_lines": [], "start_line": 36}, "Baseline.from_resting_results": {"executed_lines": [66], "summary": {"covered_lines": 1, "num_statements": 1, "percent_covered": 100.0, "percent_covered_display": "100.0", "missing_lines": 0, "excluded_lines": 0, "percent_statements_covered": 100.0, "percent_statements_covered_display": "100.0"}, "missing_lines": [], "excluded_lines": [], "start_line": 52}, "Baseline._get_recent": {"executed_lines": [80], "summary": {"covered_lines": 1, "num_statements": 1, "percent_covered": 100.0, "percent_covered_display": "100.0", "missing_lines": 0, "excluded_lines": 0, "percent_statements_covered": 100.0, "percent_statements_covered_display": "100.0"}, "missing_lines": [], "excluded_lines": [], "start_line": 72}, "Baseline.to_dataframe": {"executed_lines": [102, 103, 110, 111, 113], "summary": {"covered_lines": 5, "num_statements": 7, "percent_covered": 71.42857142857143, "percent_covered_display": "71.4", "missing_lines": 2, "excluded_lines": 0, "percent_statements_covered": 71.42857142857143, "percent_statements_covered_display": "71.4"}, "missing_lines": [104, 105], "excluded_lines": [], "start_line": 86}, "Baseline.mean_rmssd": {"executed_lines": [127, 129, 130, 132, 133], "summary": {"covered_lines": 5, "num_statements": 5, "percent_covered": 100.0, "percent_covered_display": "100.0", "missing_lines": 0, "excluded_lines": 0, "percent_statements_covered": 100.0, "percent_statements_covered_display": "100.0"}, "missing_lines": [], "excluded_lines": [], "start_line": 119}, "Baseline.median_rmssd": {"executed_lines": [146, 148, 149, 151, 152], "summary": {"covered_lines": 5, "num_statements": 5, "percent_covered": 100.0, "percent_covered_display": "100.0", "missing_lines": 0, "excluded_lines": 0, "percent_statements_covered": 100.0, "percent_statements_covered_display": "100.0"}, "missing_lines": [], "excluded_lines": [], "start_line": 135}, "Baseline.mean_hr": {"executed_lines": [162, 164, 165, 167, 168], "summary": {"covered_lines": 5, "num_statements": 5, "percent_covered": 100.0, "percent_covered_display": "100.0", "missing_lines": 0, "excluded_lines": 0, "percent_statements_covered": 100.0, "percent_statements_covered_display": "100.0"}, "missing_lines": [], "excluded_lines": [], "start_line": 154}, "Baseline.median_sd1": {"executed_lines": [183, 185, 186, 188, 190, 191, 193], "summary": {"covered_lines": 7, "num_statements": 7, "percent_covered": 100.0, "percent_covered_display": "100.0", "missing_lines": 0, "excluded_lines": 0, "percent_statements_covered": 100.0, "percent_statements_covered_display": "100.0"}, "missing_lines": [], "excluded_lines": [], "start_line": 170}, "Baseline.median_dfa_alpha1": {"executed_lines": [207, 209, 210, 212, 218, 219, 221], "summary": {"covered_lines": 7, "num_statements": 7, "percent_covered": 100.0, "percent_covered_display": "100.0", "missing_lines": 0, "excluded_lines": 0, "percent_statements_covered": 100.0, "percent_statements_covered_display": "100.0"}, "missing_lines": [], "excluded_lines": [], "start_line": 195}, "Baseline.rolling_rmssd": {"executed_lines": [], "summary": {"covered_lines": 0, "num_statements": 4, "percent_covered": 0.0, "percent_covered_display": "0.0", "missing_lines": 4, "excluded_lines": 0, "percent_statements_covered": 0.0, "percent_statements_covered_display": "0.0"}, "missing_lines": [240, 242, 243, 245], "excluded_lines": [], "start_line": 227}, "Baseline.rolling_rmssd_median": {"executed_lines": [263, 265, 266, 268], "summary": {"covered_lines": 4, "num_statements": 4, "percent_covered": 100.0, "percent_covered_display": "100.0", "missing_lines": 0, "excluded_lines": 0, "percent_statements_covered": 100.0, "percent_statements_covered_display": "100.0"}, "missing_lines": [], "excluded_lines": [], "start_line": 250}, "": {"executed_lines": [], "summary": {"covered_lines": 0, "num_statements": 21, "percent_covered": 0.0, "percent_covered_display": "0.0", "missing_lines": 21, "excluded_lines": 0, "percent_statements_covered": 0.0, "percent_statements_covered_display": "0.0"}, "missing_lines": [3, 5, 7, 9, 12, 13, 28, 29, 35, 36, 51, 52, 72, 86, 119, 135, 154, 170, 195, 227, 250], "excluded_lines": [], "start_line": 1}}, "classes": {"Baseline": {"executed_lines": [49, 66, 80, 102, 103, 110, 111, 113, 127, 129, 130, 132, 133, 146, 148, 149, 151, 152, 162, 164, 165, 167, 168, 183, 185, 186, 188, 190, 191, 193, 207, 209, 210, 212, 218, 219, 221, 263, 265, 266, 268], "summary": {"covered_lines": 41, "num_statements": 47, "percent_covered": 87.23404255319149, "percent_covered_display": "87.2", "missing_lines": 6, "excluded_lines": 0, "percent_statements_covered": 87.23404255319149, "percent_statements_covered_display": "87.2"}, "missing_lines": [104, 105, 240, 242, 243, 245], "excluded_lines": [], "start_line": 13}, "": {"executed_lines": [], "summary": {"covered_lines": 0, "num_statements": 21, "percent_covered": 0.0, "percent_covered_display": "0.0", "missing_lines": 21, "excluded_lines": 0, "percent_statements_covered": 0.0, "percent_statements_covered_display": "0.0"}, "missing_lines": [3, 5, 7, 9, 12, 13, 28, 29, 35, 36, 51, 52, 72, 86, 119, 135, 154, 170, 195, 227, 250], "excluded_lines": [], "start_line": 1}}}, "cardiolab/analytics/scoring.py": {"executed_lines": [71, 72, 74, 90, 91, 93, 123, 124, 126, 127, 129, 130, 132, 134, 176, 177, 179, 180, 183, 186, 189, 192, 193, 197, 199, 247, 250, 252, 253, 261, 264, 266, 268, 316, 318, 319, 321, 322, 324, 326, 358, 388, 420, 421, 449, 450, 451, 479, 541, 542, 543, 544, 546, 548, 550, 551, 553, 554, 555, 557, 558, 561, 565, 569, 571, 572, 574, 577, 580, 581], "summary": {"covered_lines": 70, "num_statements": 89, "percent_covered": 78.65168539325843, "percent_covered_display": "78.7", "missing_lines": 19, "excluded_lines": 0, "percent_statements_covered": 78.65168539325843, "percent_statements_covered_display": "78.7"}, "missing_lines": [42, 44, 46, 48, 49, 56, 77, 101, 142, 207, 276, 334, 361, 393, 424, 454, 482, 567, 568], "excluded_lines": [], "functions": {"_dfa_score": {"executed_lines": [71, 72, 74], "summary": {"covered_lines": 3, "num_statements": 3, "percent_covered": 100.0, "percent_covered_display": "100.0", "missing_lines": 0, "excluded_lines": 0, "percent_statements_covered": 100.0, "percent_statements_covered_display": "100.0"}, "missing_lines": [], "excluded_lines": [], "start_line": 56}, "_sd_ratio_score": {"executed_lines": [90, 91, 93], "summary": {"covered_lines": 3, "num_statements": 3, "percent_covered": 100.0, "percent_covered_display": "100.0", "missing_lines": 0, "excluded_lines": 0, "percent_statements_covered": 100.0, "percent_statements_covered_display": "100.0"}, "missing_lines": [], "excluded_lines": [], "start_line": 77}, "readiness_score_oura": {"executed_lines": [123, 124, 126, 127, 129, 130, 132, 134], "summary": {"covered_lines": 8, "num_statements": 8, "percent_covered": 100.0, "percent_covered_display": "100.0", "missing_lines": 0, "excluded_lines": 0, "percent_statements_covered": 100.0, "percent_statements_covered_display": "100.0"}, "missing_lines": [], "excluded_lines": [], "start_line": 101}, "readiness_score_multi": {"executed_lines": [176, 177, 179, 180, 183, 186, 189, 192, 193, 197, 199], "summary": {"covered_lines": 11, "num_statements": 11, "percent_covered": 100.0, "percent_covered_display": "100.0", "missing_lines": 0, "excluded_lines": 0, "percent_statements_covered": 100.0, "percent_statements_covered_display": "100.0"}, "missing_lines": [], "excluded_lines": [], "start_line": 142}, "readiness_score_nonlinear": {"executed_lines": [247, 250, 252, 253, 261, 264, 266, 268], "summary": {"covered_lines": 8, "num_statements": 8, "percent_covered": 100.0, "percent_covered_display": "100.0", "missing_lines": 0, "excluded_lines": 0, "percent_statements_covered": 100.0, "percent_statements_covered_display": "100.0"}, "missing_lines": [], "excluded_lines": [], "start_line": 207}, "readiness_score_composite": {"executed_lines": [316, 318, 319, 321, 322, 324, 326], "summary": {"covered_lines": 7, "num_statements": 7, "percent_covered": 100.0, "percent_covered_display": "100.0", "missing_lines": 0, "excluded_lines": 0, "percent_statements_covered": 100.0, "percent_statements_covered_display": "100.0"}, "missing_lines": [], "excluded_lines": [], "start_line": 276}, "hrr_score": {"executed_lines": [358], "summary": {"covered_lines": 1, "num_statements": 1, "percent_covered": 100.0, "percent_covered_display": "100.0", "missing_lines": 0, "excluded_lines": 0, "percent_statements_covered": 100.0, "percent_statements_covered_display": "100.0"}, "missing_lines": [], "excluded_lines": [], "start_line": 334}, "coherence_score_100": {"executed_lines": [388], "summary": {"covered_lines": 1, "num_statements": 1, "percent_covered": 100.0, "percent_covered_display": "100.0", "missing_lines": 0, "excluded_lines": 0, "percent_statements_covered": 100.0, "percent_statements_covered_display": "100.0"}, "missing_lines": [], "excluded_lines": [], "start_line": 361}, "drift_score": {"executed_lines": [420, 421], "summary": {"covered_lines": 2, "num_statements": 2, "percent_covered": 100.0, "percent_covered_display": "100.0", "missing_lines": 0, "excluded_lines": 0, "percent_statements_covered": 100.0, "percent_statements_covered_display": "100.0"}, "missing_lines": [], "excluded_lines": [], "start_line": 393}, "vo2max_score": {"executed_lines": [449, 450, 451], "summary": {"covered_lines": 3, "num_statements": 3, "percent_covered": 100.0, "percent_covered_display": "100.0", "missing_lines": 0, "excluded_lines": 0, "percent_statements_covered": 100.0, "percent_statements_covered_display": "100.0"}, "missing_lines": [], "excluded_lines": [], "start_line": 424}, "orthostatic_readiness_score": {"executed_lines": [479], "summary": {"covered_lines": 1, "num_statements": 1, "percent_covered": 100.0, "percent_covered_display": "100.0", "missing_lines": 0, "excluded_lines": 0, "percent_statements_covered": 100.0, "percent_statements_covered_display": "100.0"}, "missing_lines": [], "excluded_lines": [], "start_line": 454}, "orthostatic_score": {"executed_lines": [541, 542, 543, 544, 546, 548, 550, 551, 553, 554, 555, 557, 558, 561, 565, 569, 571, 572, 574, 577, 580, 581], "summary": {"covered_lines": 22, "num_statements": 24, "percent_covered": 91.66666666666667, "percent_covered_display": "91.7", "missing_lines": 2, "excluded_lines": 0, "percent_statements_covered": 91.66666666666667, "percent_statements_covered_display": "91.7"}, "missing_lines": [567, 568], "excluded_lines": [], "start_line": 482}, "": {"executed_lines": [], "summary": {"covered_lines": 0, "num_statements": 17, "percent_covered": 0.0, "percent_covered_display": "0.0", "missing_lines": 17, "excluded_lines": 0, "percent_statements_covered": 0.0, "percent_statements_covered_display": "0.0"}, "missing_lines": [42, 44, 46, 48, 49, 56, 77, 101, 142, 207, 276, 334, 361, 393, 424, 454, 482], "excluded_lines": [], "start_line": 1}}, "classes": {"": {"executed_lines": [71, 72, 74, 90, 91, 93, 123, 124, 126, 127, 129, 130, 132, 134, 176, 177, 179, 180, 183, 186, 189, 192, 193, 197, 199, 247, 250, 252, 253, 261, 264, 266, 268, 316, 318, 319, 321, 322, 324, 326, 358, 388, 420, 421, 449, 450, 451, 479, 541, 542, 543, 544, 546, 548, 550, 551, 553, 554, 555, 557, 558, 561, 565, 569, 571, 572, 574, 577, 580, 581], "summary": {"covered_lines": 70, "num_statements": 89, "percent_covered": 78.65168539325843, "percent_covered_display": "78.7", "missing_lines": 19, "excluded_lines": 0, "percent_statements_covered": 78.65168539325843, "percent_statements_covered_display": "78.7"}, "missing_lines": [42, 44, 46, 48, 49, 56, 77, 101, 142, 207, 276, 334, 361, 393, 424, 454, 482, 567, 568], "excluded_lines": [], "start_line": 1}}}, "cardiolab/analytics/training_load.py": {"executed_lines": [74, 75, 76, 77, 78, 121, 122, 123, 124, 125, 126, 127, 128, 169, 171, 172, 173, 174, 175, 178, 179, 180, 181, 203, 204, 205, 206, 207, 208, 238, 258, 276, 298, 299, 300, 301, 342, 343, 349, 350, 351, 352, 353, 354, 355, 357, 358, 359, 361, 362, 363, 364, 365, 366, 368, 369, 370, 372, 393, 394, 401, 402, 404], "summary": {"covered_lines": 63, "num_statements": 87, "percent_covered": 72.41379310344827, "percent_covered_display": "72.4", "missing_lines": 24, "excluded_lines": 2, "percent_statements_covered": 72.41379310344827, "percent_statements_covered_display": "72.4"}, "missing_lines": [29, 31, 32, 33, 34, 35, 37, 39, 40, 46, 81, 131, 189, 216, 241, 261, 284, 285, 297, 307, 308, 378, 395, 396], "excluded_lines": [42, 43], "functions": {"trimp_hrv_based": {"executed_lines": [74, 75, 76, 77, 78], "summary": {"covered_lines": 5, "num_statements": 5, "percent_covered": 100.0, "percent_covered_display": "100.0", "missing_lines": 0, "excluded_lines": 0, "percent_statements_covered": 100.0, "percent_statements_covered_display": "100.0"}, "missing_lines": [], "excluded_lines": [], "start_line": 46}, "trimp_banister": {"executed_lines": [121, 122, 123, 124, 125, 126, 127, 128], "summary": {"covered_lines": 8, "num_statements": 8, "percent_covered": 100.0, "percent_covered_display": "100.0", "missing_lines": 0, "excluded_lines": 0, "percent_statements_covered": 100.0, "percent_statements_covered_display": "100.0"}, "missing_lines": [], "excluded_lines": [], "start_line": 81}, "load_readiness_for_date": {"executed_lines": [169, 171, 172, 173, 174, 175, 178, 179, 180, 181], "summary": {"covered_lines": 10, "num_statements": 10, "percent_covered": 100.0, "percent_covered_display": "100.0", "missing_lines": 0, "excluded_lines": 0, "percent_statements_covered": 100.0, "percent_statements_covered_display": "100.0"}, "missing_lines": [], "excluded_lines": [], "start_line": 131}, "_ema": {"executed_lines": [203, 204, 205, 206, 207, 208], "summary": {"covered_lines": 6, "num_statements": 6, "percent_covered": 100.0, "percent_covered_display": "100.0", "missing_lines": 0, "excluded_lines": 0, "percent_statements_covered": 100.0, "percent_statements_covered_display": "100.0"}, "missing_lines": [], "excluded_lines": [], "start_line": 189}, "compute_atl": {"executed_lines": [238], "summary": {"covered_lines": 1, "num_statements": 1, "percent_covered": 100.0, "percent_covered_display": "100.0", "missing_lines": 0, "excluded_lines": 0, "percent_statements_covered": 100.0, "percent_statements_covered_display": "100.0"}, "missing_lines": [], "excluded_lines": [], "start_line": 216}, "compute_ctl": {"executed_lines": [258], "summary": {"covered_lines": 1, "num_statements": 1, "percent_covered": 100.0, "percent_covered_display": "100.0", "missing_lines": 0, "excluded_lines": 0, "percent_statements_covered": 100.0, "percent_statements_covered_display": "100.0"}, "missing_lines": [], "excluded_lines": [], "start_line": 241}, "compute_tsb": {"executed_lines": [276], "summary": {"covered_lines": 1, "num_statements": 1, "percent_covered": 100.0, "percent_covered_display": "100.0", "missing_lines": 0, "excluded_lines": 0, "percent_statements_covered": 100.0, "percent_statements_covered_display": "100.0"}, "missing_lines": [], "excluded_lines": [], "start_line": 261}, "TrainingLoad.from_sessions": {"executed_lines": [342, 343, 349, 350, 351, 352, 353, 354, 355, 357, 358, 359, 361, 362, 363, 364, 365, 366, 368, 369, 370, 372], "summary": {"covered_lines": 22, "num_statements": 22, "percent_covered": 100.0, "percent_covered_display": "100.0", "missing_lines": 0, "excluded_lines": 0, "percent_statements_covered": 100.0, "percent_statements_covered_display": "100.0"}, "missing_lines": [], "excluded_lines": [], "start_line": 308}, "TrainingLoad.to_dataframe": {"executed_lines": [393, 394, 401, 402, 404], "summary": {"covered_lines": 5, "num_statements": 7, "percent_covered": 71.42857142857143, "percent_covered_display": "71.4", "missing_lines": 2, "excluded_lines": 0, "percent_statements_covered": 71.42857142857143, "percent_statements_covered_display": "71.4"}, "missing_lines": [395, 396], "excluded_lines": [], "start_line": 378}, "": {"executed_lines": [298, 299, 300, 301], "summary": {"covered_lines": 4, "num_statements": 26, "percent_covered": 15.384615384615385, "percent_covered_display": "15.4", "missing_lines": 22, "excluded_lines": 2, "percent_statements_covered": 15.384615384615385, "percent_statements_covered_display": "15.4"}, "missing_lines": [29, 31, 32, 33, 34, 35, 37, 39, 40, 46, 81, 131, 189, 216, 241, 261, 284, 285, 297, 307, 308, 378], "excluded_lines": [42, 43], "start_line": 1}}, "classes": {"TrainingLoad": {"executed_lines": [342, 343, 349, 350, 351, 352, 353, 354, 355, 357, 358, 359, 361, 362, 363, 364, 365, 366, 368, 369, 370, 372, 393, 394, 401, 402, 404], "summary": {"covered_lines": 27, "num_statements": 29, "percent_covered": 93.10344827586206, "percent_covered_display": "93.1", "missing_lines": 2, "excluded_lines": 0, "percent_statements_covered": 93.10344827586206, "percent_statements_covered_display": "93.1"}, "missing_lines": [395, 396], "excluded_lines": [], "start_line": 285}, "": {"executed_lines": [74, 75, 76, 77, 78, 121, 122, 123, 124, 125, 126, 127, 128, 169, 171, 172, 173, 174, 175, 178, 179, 180, 181, 203, 204, 205, 206, 207, 208, 238, 258, 276, 298, 299, 300, 301], "summary": {"covered_lines": 36, "num_statements": 58, "percent_covered": 62.06896551724138, "percent_covered_display": "62.1", "missing_lines": 22, "excluded_lines": 2, "percent_statements_covered": 62.06896551724138, "percent_statements_covered_display": "62.1"}, "missing_lines": [29, 31, 32, 33, 34, 35, 37, 39, 40, 46, 81, 131, 189, 216, 241, 261, 284, 285, 297, 307, 308, 378], "excluded_lines": [42, 43], "start_line": 1}}}, "cardiolab/analytics/trends.py": {"executed_lines": [37, 39, 40, 42, 43, 45, 47, 64, 65, 66, 67, 68], "summary": {"covered_lines": 12, "num_statements": 17, "percent_covered": 70.58823529411765, "percent_covered_display": "70.6", "missing_lines": 5, "excluded_lines": 0, "percent_statements_covered": 70.58823529411765, "percent_statements_covered_display": "70.6"}, "missing_lines": [3, 5, 7, 10, 53], "excluded_lines": [], "functions": {"trend_rmssd": {"executed_lines": [37, 39, 40, 42, 43, 45, 47], "summary": {"covered_lines": 7, "num_statements": 7, "percent_covered": 100.0, "percent_covered_display": "100.0", "missing_lines": 0, "excluded_lines": 0, "percent_statements_covered": 100.0, "percent_statements_covered_display": "100.0"}, "missing_lines": [], "excluded_lines": [], "start_line": 10}, "_interpret_trend": {"executed_lines": [64, 65, 66, 67, 68], "summary": {"covered_lines": 5, "num_statements": 5, "percent_covered": 100.0, "percent_covered_display": "100.0", "missing_lines": 0, "excluded_lines": 0, "percent_statements_covered": 100.0, "percent_statements_covered_display": "100.0"}, "missing_lines": [], "excluded_lines": [], "start_line": 53}, "": {"executed_lines": [], "summary": {"covered_lines": 0, "num_statements": 5, "percent_covered": 0.0, "percent_covered_display": "0.0", "missing_lines": 5, "excluded_lines": 0, "percent_statements_covered": 0.0, "percent_statements_covered_display": "0.0"}, "missing_lines": [3, 5, 7, 10, 53], "excluded_lines": [], "start_line": 1}}, "classes": {"": {"executed_lines": [37, 39, 40, 42, 43, 45, 47, 64, 65, 66, 67, 68], "summary": {"covered_lines": 12, "num_statements": 17, "percent_covered": 70.58823529411765, "percent_covered_display": "70.6", "missing_lines": 5, "excluded_lines": 0, "percent_statements_covered": 70.58823529411765, "percent_statements_covered_display": "70.6"}, "missing_lines": [3, 5, 7, 10, 53], "excluded_lines": [], "start_line": 1}}}, "cardiolab/database/__init__.py": {"executed_lines": [3, 4, 6], "summary": {"covered_lines": 3, "num_statements": 3, "percent_covered": 100.0, "percent_covered_display": "100.0", "missing_lines": 0, "excluded_lines": 0, "percent_statements_covered": 100.0, "percent_statements_covered_display": "100.0"}, "missing_lines": [], "excluded_lines": [], "functions": {"": {"executed_lines": [3, 4, 6], "summary": {"covered_lines": 3, "num_statements": 3, "percent_covered": 100.0, "percent_covered_display": "100.0", "missing_lines": 0, "excluded_lines": 0, "percent_statements_covered": 100.0, "percent_statements_covered_display": "100.0"}, "missing_lines": [], "excluded_lines": [], "start_line": 1}}, "classes": {"": {"executed_lines": [3, 4, 6], "summary": {"covered_lines": 3, "num_statements": 3, "percent_covered": 100.0, "percent_covered_display": "100.0", "missing_lines": 0, "excluded_lines": 0, "percent_statements_covered": 100.0, "percent_statements_covered_display": "100.0"}, "missing_lines": [], "excluded_lines": [], "start_line": 1}}}, "cardiolab/database/migrations/__init__.py": {"executed_lines": [], "summary": {"covered_lines": 0, "num_statements": 0, "percent_covered": 100.0, "percent_covered_display": "100.0", "missing_lines": 0, "excluded_lines": 0, "percent_statements_covered": 100.0, "percent_statements_covered_display": "100.0"}, "missing_lines": [], "excluded_lines": [], "functions": {"": {"executed_lines": [], "summary": {"covered_lines": 0, "num_statements": 0, "percent_covered": 100.0, "percent_covered_display": "100.0", "missing_lines": 0, "excluded_lines": 0, "percent_statements_covered": 100.0, "percent_statements_covered_display": "100.0"}, "missing_lines": [], "excluded_lines": [], "start_line": 1}}, "classes": {"": {"executed_lines": [], "summary": {"covered_lines": 0, "num_statements": 0, "percent_covered": 100.0, "percent_covered_display": "100.0", "missing_lines": 0, "excluded_lines": 0, "percent_statements_covered": 100.0, "percent_statements_covered_display": "100.0"}, "missing_lines": [], "excluded_lines": [], "start_line": 1}}}, "cardiolab/database/migrator.py": {"executed_lines": [27, 29, 31, 33, 41, 71, 72, 73, 75, 76, 77, 79, 83, 84, 85, 86, 87, 88, 92, 93, 95], "summary": {"covered_lines": 21, "num_statements": 21, "percent_covered": 100.0, "percent_covered_display": "100.0", "missing_lines": 0, "excluded_lines": 0, "percent_statements_covered": 100.0, "percent_statements_covered_display": "100.0"}, "missing_lines": [], "excluded_lines": [], "functions": {"run_migrations": {"executed_lines": [71, 72, 73, 75, 76, 77, 79, 83, 84, 85, 86, 87, 88, 92, 93, 95], "summary": {"covered_lines": 16, "num_statements": 16, "percent_covered": 100.0, "percent_covered_display": "100.0", "missing_lines": 0, "excluded_lines": 0, "percent_statements_covered": 100.0, "percent_statements_covered_display": "100.0"}, "missing_lines": [], "excluded_lines": [], "start_line": 41}, "": {"executed_lines": [27, 29, 31, 33, 41], "summary": {"covered_lines": 5, "num_statements": 5, "percent_covered": 100.0, "percent_covered_display": "100.0", "missing_lines": 0, "excluded_lines": 0, "percent_statements_covered": 100.0, "percent_statements_covered_display": "100.0"}, "missing_lines": [], "excluded_lines": [], "start_line": 1}}, "classes": {"": {"executed_lines": [27, 29, 31, 33, 41, 71, 72, 73, 75, 76, 77, 79, 83, 84, 85, 86, 87, 88, 92, 93, 95], "summary": {"covered_lines": 21, "num_statements": 21, "percent_covered": 100.0, "percent_covered_display": "100.0", "missing_lines": 0, "excluded_lines": 0, "percent_statements_covered": 100.0, "percent_statements_covered_display": "100.0"}, "missing_lines": [], "excluded_lines": [], "start_line": 1}}}, "cardiolab/database/repository.py": {"executed_lines": [49, 51, 52, 53, 54, 56, 57, 59, 60, 61, 62, 63, 64, 65, 72, 87, 88, 95, 122, 130, 147, 170, 204, 213, 227, 236, 250, 257, 272, 281, 295, 304, 314, 319, 333, 344, 347, 360, 361, 394, 395, 396, 397, 398, 399, 400, 401, 402, 403, 404, 405, 406, 407, 408, 409, 410, 412, 470, 504, 527, 552, 580, 581, 582, 583, 585, 678, 693, 694, 695, 697, 698, 699, 700, 701, 711, 743, 761, 772, 773, 780, 781, 782, 783, 784, 785, 786, 787, 788, 789, 793, 794, 844, 863, 865, 866, 867, 869, 871, 873, 874, 876, 877, 878, 880, 882, 883, 887, 891, 918, 942, 944, 949, 953, 958, 960, 971, 972, 976, 997, 998, 1000, 1001, 1002, 1005, 1010, 1020, 1050, 1051, 1055, 1073, 1083, 1084, 1085, 1087, 1118, 1142, 1144, 1155, 1156, 1160, 1182, 1183, 1184, 1187, 1192, 1202, 1204, 1205, 1209, 1238, 1242, 1249, 1250, 1251, 1253, 1254, 1255, 1256, 1257, 1260, 1261, 1264, 1265, 1266, 1267, 1270, 1271, 1293, 1297, 1308, 1309, 1319, 1320, 1324, 1342, 1343, 1344, 1347, 1351, 1360, 1373, 1374, 1378, 1392, 1395, 1398, 1399, 1400, 1401, 1419, 1430, 1431, 1441, 1442, 1446, 1464, 1465, 1466, 1469, 1473, 1482, 1495, 1496, 1500, 1514, 1517, 1520, 1521, 1522, 1523, 1541, 1552, 1553, 1563, 1564, 1568, 1586, 1587, 1588, 1591, 1595, 1604, 1618, 1619, 1623, 1637, 1640, 1643, 1644, 1645, 1646, 1665, 1676, 1677, 1687, 1688, 1692, 1710, 1711, 1712, 1715, 1719, 1728, 1741, 1742, 1746, 1760, 1763, 1766, 1767, 1768, 1769, 1787, 1822, 1839, 1840, 1844, 1877, 1878, 1880, 1895, 1896, 1913, 1936, 1942, 1943, 1944, 1946, 1947, 1949, 1950, 1955, 1977, 1978, 1985, 1987, 1994, 1996, 1997, 1998, 2000, 2016, 2040, 2043, 2052, 2053, 2057, 2091, 2092, 2093, 2094, 2097, 2102, 2103, 2104, 2105, 2107, 2121, 2124, 2125, 2126, 2130, 2147, 2150, 2159, 2160, 2161, 2162, 2168, 2195, 2198, 2199, 2204, 2206, 2211, 2212, 2213, 2214, 2215, 2223, 2251, 2254, 2265, 2266, 2270, 2304, 2305, 2315, 2316, 2317, 2321, 2333, 2334, 2336, 2359, 2360, 2361, 2362, 2363, 2367, 2370, 2376, 2377, 2378, 2380, 2394, 2397, 2398, 2399, 2403, 2418, 2421, 2424, 2425, 2426, 2427, 2428, 2429, 2431, 2444, 2447, 2450, 2451, 2452, 2453], "summary": {"covered_lines": 366, "num_statements": 383, "percent_covered": 95.56135770234987, "percent_covered_display": "95.6", "missing_lines": 17, "excluded_lines": 0, "percent_statements_covered": 95.56135770234987, "percent_statements_covered_display": "95.6"}, "missing_lines": [427, 428, 450, 482, 702, 703, 872, 912, 914, 945, 946, 950, 951, 952, 954, 955, 956], "excluded_lines": [], "functions": {"_validate_identifier": {"executed_lines": [87, 88], "summary": {"covered_lines": 2, "num_statements": 2, "percent_covered": 100.0, "percent_covered_display": "100.0", "missing_lines": 0, "excluded_lines": 0, "percent_statements_covered": 100.0, "percent_statements_covered_display": "100.0"}, "missing_lines": [], "excluded_lines": [], "start_line": 72}, "_hrv_fields": {"executed_lines": [147], "summary": {"covered_lines": 1, "num_statements": 1, "percent_covered": 100.0, "percent_covered_display": "100.0", "missing_lines": 0, "excluded_lines": 0, "percent_statements_covered": 100.0, "percent_statements_covered_display": "100.0"}, "missing_lines": [], "excluded_lines": [], "start_line": 130}, "OrthostaticRecord.to_flat_dict": {"executed_lines": [], "summary": {"covered_lines": 0, "num_statements": 2, "percent_covered": 0.0, "percent_covered_display": "0.0", "missing_lines": 2, "excluded_lines": 0, "percent_statements_covered": 0.0, "percent_statements_covered_display": "0.0"}, "missing_lines": [427, 450], "excluded_lines": [], "start_line": 412}, "OrthostaticRecord.to_flat_dict._hrv_fields": {"executed_lines": [], "summary": {"covered_lines": 0, "num_statements": 1, "percent_covered": 0.0, "percent_covered_display": "0.0", "missing_lines": 1, "excluded_lines": 0, "percent_statements_covered": 0.0, "percent_statements_covered_display": "0.0"}, "missing_lines": [428], "excluded_lines": [], "start_line": 427}, "OrthostaticRecord.to_reporting_row": {"executed_lines": [], "summary": {"covered_lines": 0, "num_statements": 1, "percent_covered": 0.0, "percent_covered_display": "0.0", "missing_lines": 1, "excluded_lines": 0, "percent_statements_covered": 0.0, "percent_statements_covered_display": "0.0"}, "missing_lines": [482], "excluded_lines": [], "start_line": 470}, "_features_from_row": {"executed_lines": [527], "summary": {"covered_lines": 1, "num_statements": 1, "percent_covered": 100.0, "percent_covered_display": "100.0", "missing_lines": 0, "excluded_lines": 0, "percent_statements_covered": 100.0, "percent_statements_covered_display": "100.0"}, "missing_lines": [], "excluded_lines": [], "start_line": 504}, "_build_ortho_row": {"executed_lines": [580, 581, 582, 583, 585], "summary": {"covered_lines": 5, "num_statements": 5, "percent_covered": 100.0, "percent_covered_display": "100.0", "missing_lines": 0, "excluded_lines": 0, "percent_statements_covered": 100.0, "percent_statements_covered_display": "100.0"}, "missing_lines": [], "excluded_lines": [], "start_line": 552}, "_register_numpy_adapters": {"executed_lines": [693, 694, 695, 697, 698, 699, 700, 701], "summary": {"covered_lines": 8, "num_statements": 10, "percent_covered": 80.0, "percent_covered_display": "80.0", "missing_lines": 2, "excluded_lines": 0, "percent_statements_covered": 80.0, "percent_statements_covered_display": "80.0"}, "missing_lines": [702, 703], "excluded_lines": [], "start_line": 678}, "HRVRepository.__init__": {"executed_lines": [761, 772, 773, 780, 781, 782, 783, 784, 785, 786, 787, 788, 789], "summary": {"covered_lines": 13, "num_statements": 13, "percent_covered": 100.0, "percent_covered_display": "100.0", "missing_lines": 0, "excluded_lines": 0, "percent_statements_covered": 100.0, "percent_statements_covered_display": "100.0"}, "missing_lines": [], "excluded_lines": [], "start_line": 743}, "HRVRepository.from_env": {"executed_lines": [844], "summary": {"covered_lines": 1, "num_statements": 1, "percent_covered": 100.0, "percent_covered_display": "100.0", "missing_lines": 0, "excluded_lines": 0, "percent_statements_covered": 100.0, "percent_statements_covered_display": "100.0"}, "missing_lines": [], "excluded_lines": [], "start_line": 794}, "HRVRepository.__enter__": {"executed_lines": [865, 866, 867], "summary": {"covered_lines": 3, "num_statements": 3, "percent_covered": 100.0, "percent_covered_display": "100.0", "missing_lines": 0, "excluded_lines": 0, "percent_statements_covered": 100.0, "percent_statements_covered_display": "100.0"}, "missing_lines": [], "excluded_lines": [], "start_line": 863}, "HRVRepository.__exit__": {"executed_lines": [871, 873, 874, 876, 877, 878], "summary": {"covered_lines": 6, "num_statements": 7, "percent_covered": 85.71428571428571, "percent_covered_display": "85.7", "missing_lines": 1, "excluded_lines": 0, "percent_statements_covered": 85.71428571428571, "percent_statements_covered_display": "85.7"}, "missing_lines": [872], "excluded_lines": [], "start_line": 869}, "HRVRepository._conn_or_raise": {"executed_lines": [882, 883, 887], "summary": {"covered_lines": 3, "num_statements": 3, "percent_covered": 100.0, "percent_covered_display": "100.0", "missing_lines": 0, "excluded_lines": 0, "percent_statements_covered": 100.0, "percent_statements_covered_display": "100.0"}, "missing_lines": [], "excluded_lines": [], "start_line": 880}, "HRVRepository.run_migrations": {"executed_lines": [], "summary": {"covered_lines": 0, "num_statements": 2, "percent_covered": 0.0, "percent_covered_display": "0.0", "missing_lines": 2, "excluded_lines": 0, "percent_statements_covered": 0.0, "percent_statements_covered_display": "0.0"}, "missing_lines": [912, 914], "excluded_lines": [], "start_line": 891}, "HRVRepository.create_table": {"executed_lines": [942, 944, 949, 953, 958, 960, 971, 972], "summary": {"covered_lines": 8, "num_statements": 16, "percent_covered": 50.0, "percent_covered_display": "50.0", "missing_lines": 8, "excluded_lines": 0, "percent_statements_covered": 50.0, "percent_statements_covered_display": "50.0"}, "missing_lines": [945, 946, 950, 951, 952, 954, 955, 956], "excluded_lines": [], "start_line": 918}, "HRVRepository.save_features": {"executed_lines": [997, 998, 1000, 1001, 1002, 1005, 1010, 1020, 1050, 1051], "summary": {"covered_lines": 10, "num_statements": 10, "percent_covered": 100.0, "percent_covered_display": "100.0", "missing_lines": 0, "excluded_lines": 0, "percent_statements_covered": 100.0, "percent_statements_covered_display": "100.0"}, "missing_lines": [], "excluded_lines": [], "start_line": 976}, "HRVRepository.load_features": {"executed_lines": [1073, 1083, 1084, 1085, 1087], "summary": {"covered_lines": 5, "num_statements": 5, "percent_covered": 100.0, "percent_covered_display": "100.0", "missing_lines": 0, "excluded_lines": 0, "percent_statements_covered": 100.0, "percent_statements_covered_display": "100.0"}, "missing_lines": [], "excluded_lines": [], "start_line": 1055}, "HRVRepository.create_orthostatic_table": {"executed_lines": [1142, 1144, 1155, 1156], "summary": {"covered_lines": 4, "num_statements": 4, "percent_covered": 100.0, "percent_covered_display": "100.0", "missing_lines": 0, "excluded_lines": 0, "percent_statements_covered": 100.0, "percent_statements_covered_display": "100.0"}, "missing_lines": [], "excluded_lines": [], "start_line": 1118}, "HRVRepository.save_orthostatic": {"executed_lines": [1182, 1183, 1184, 1187, 1192, 1202, 1204, 1205], "summary": {"covered_lines": 8, "num_statements": 8, "percent_covered": 100.0, "percent_covered_display": "100.0", "missing_lines": 0, "excluded_lines": 0, "percent_statements_covered": 100.0, "percent_statements_covered_display": "100.0"}, "missing_lines": [], "excluded_lines": [], "start_line": 1160}, "HRVRepository.load_orthostatic": {"executed_lines": [1238, 1242, 1249, 1250, 1251, 1253, 1254, 1255, 1256, 1257, 1260, 1261, 1264, 1265, 1266, 1267, 1270, 1271, 1293], "summary": {"covered_lines": 19, "num_statements": 19, "percent_covered": 100.0, "percent_covered_display": "100.0", "missing_lines": 0, "excluded_lines": 0, "percent_statements_covered": 100.0, "percent_statements_covered_display": "100.0"}, "missing_lines": [], "excluded_lines": [], "start_line": 1209}, "HRVRepository.create_coherence_table": {"executed_lines": [1308, 1309, 1319, 1320], "summary": {"covered_lines": 4, "num_statements": 4, "percent_covered": 100.0, "percent_covered_display": "100.0", "missing_lines": 0, "excluded_lines": 0, "percent_statements_covered": 100.0, "percent_statements_covered_display": "100.0"}, "missing_lines": [], "excluded_lines": [], "start_line": 1297}, "HRVRepository.save_coherence": {"executed_lines": [1342, 1343, 1344, 1347, 1351, 1360, 1373, 1374], "summary": {"covered_lines": 8, "num_statements": 8, "percent_covered": 100.0, "percent_covered_display": "100.0", "missing_lines": 0, "excluded_lines": 0, "percent_statements_covered": 100.0, "percent_statements_covered_display": "100.0"}, "missing_lines": [], "excluded_lines": [], "start_line": 1324}, "HRVRepository.load_coherence": {"executed_lines": [1392, 1395, 1398, 1399, 1400, 1401], "summary": {"covered_lines": 6, "num_statements": 6, "percent_covered": 100.0, "percent_covered_display": "100.0", "missing_lines": 0, "excluded_lines": 0, "percent_statements_covered": 100.0, "percent_statements_covered_display": "100.0"}, "missing_lines": [], "excluded_lines": [], "start_line": 1378}, "HRVRepository.create_hrr_table": {"executed_lines": [1430, 1431, 1441, 1442], "summary": {"covered_lines": 4, "num_statements": 4, "percent_covered": 100.0, "percent_covered_display": "100.0", "missing_lines": 0, "excluded_lines": 0, "percent_statements_covered": 100.0, "percent_statements_covered_display": "100.0"}, "missing_lines": [], "excluded_lines": [], "start_line": 1419}, "HRVRepository.save_hrr": {"executed_lines": [1464, 1465, 1466, 1469, 1473, 1482, 1495, 1496], "summary": {"covered_lines": 8, "num_statements": 8, "percent_covered": 100.0, "percent_covered_display": "100.0", "missing_lines": 0, "excluded_lines": 0, "percent_statements_covered": 100.0, "percent_statements_covered_display": "100.0"}, "missing_lines": [], "excluded_lines": [], "start_line": 1446}, "HRVRepository.load_hrr": {"executed_lines": [1514, 1517, 1520, 1521, 1522, 1523], "summary": {"covered_lines": 6, "num_statements": 6, "percent_covered": 100.0, "percent_covered_display": "100.0", "missing_lines": 0, "excluded_lines": 0, "percent_statements_covered": 100.0, "percent_statements_covered_display": "100.0"}, "missing_lines": [], "excluded_lines": [], "start_line": 1500}, "HRVRepository.create_drift_table": {"executed_lines": [1552, 1553, 1563, 1564], "summary": {"covered_lines": 4, "num_statements": 4, "percent_covered": 100.0, "percent_covered_display": "100.0", "missing_lines": 0, "excluded_lines": 0, "percent_statements_covered": 100.0, "percent_statements_covered_display": "100.0"}, "missing_lines": [], "excluded_lines": [], "start_line": 1541}, "HRVRepository.save_drift": {"executed_lines": [1586, 1587, 1588, 1591, 1595, 1604, 1618, 1619], "summary": {"covered_lines": 8, "num_statements": 8, "percent_covered": 100.0, "percent_covered_display": "100.0", "missing_lines": 0, "excluded_lines": 0, "percent_statements_covered": 100.0, "percent_statements_covered_display": "100.0"}, "missing_lines": [], "excluded_lines": [], "start_line": 1568}, "HRVRepository.load_drift": {"executed_lines": [1637, 1640, 1643, 1644, 1645, 1646], "summary": {"covered_lines": 6, "num_statements": 6, "percent_covered": 100.0, "percent_covered_display": "100.0", "missing_lines": 0, "excluded_lines": 0, "percent_statements_covered": 100.0, "percent_statements_covered_display": "100.0"}, "missing_lines": [], "excluded_lines": [], "start_line": 1623}, "HRVRepository.create_vo2max_table": {"executed_lines": [1676, 1677, 1687, 1688], "summary": {"covered_lines": 4, "num_statements": 4, "percent_covered": 100.0, "percent_covered_display": "100.0", "missing_lines": 0, "excluded_lines": 0, "percent_statements_covered": 100.0, "percent_statements_covered_display": "100.0"}, "missing_lines": [], "excluded_lines": [], "start_line": 1665}, "HRVRepository.save_vo2max": {"executed_lines": [1710, 1711, 1712, 1715, 1719, 1728, 1741, 1742], "summary": {"covered_lines": 8, "num_statements": 8, "percent_covered": 100.0, "percent_covered_display": "100.0", "missing_lines": 0, "excluded_lines": 0, "percent_statements_covered": 100.0, "percent_statements_covered_display": "100.0"}, "missing_lines": [], "excluded_lines": [], "start_line": 1692}, "HRVRepository.load_vo2max": {"executed_lines": [1760, 1763, 1766, 1767, 1768, 1769], "summary": {"covered_lines": 6, "num_statements": 6, "percent_covered": 100.0, "percent_covered_display": "100.0", "missing_lines": 0, "excluded_lines": 0, "percent_statements_covered": 100.0, "percent_statements_covered_display": "100.0"}, "missing_lines": [], "excluded_lines": [], "start_line": 1746}, "HRVRepository.create_raw_sessions_table": {"executed_lines": [1822, 1839, 1840], "summary": {"covered_lines": 3, "num_statements": 3, "percent_covered": 100.0, "percent_covered_display": "100.0", "missing_lines": 0, "excluded_lines": 0, "percent_statements_covered": 100.0, "percent_statements_covered_display": "100.0"}, "missing_lines": [], "excluded_lines": [], "start_line": 1787}, "HRVRepository.save_raw_session": {"executed_lines": [1877, 1878, 1880, 1895, 1896], "summary": {"covered_lines": 5, "num_statements": 5, "percent_covered": 100.0, "percent_covered_display": "100.0", "missing_lines": 0, "excluded_lines": 0, "percent_statements_covered": 100.0, "percent_statements_covered_display": "100.0"}, "missing_lines": [], "excluded_lines": [], "start_line": 1844}, "HRVRepository.load_raw_session": {"executed_lines": [1936, 1942, 1943, 1944, 1946, 1947, 1949, 1950], "summary": {"covered_lines": 8, "num_statements": 8, "percent_covered": 100.0, "percent_covered_display": "100.0", "missing_lines": 0, "excluded_lines": 0, "percent_statements_covered": 100.0, "percent_statements_covered_display": "100.0"}, "missing_lines": [], "excluded_lines": [], "start_line": 1913}, "HRVRepository.list_raw_sessions": {"executed_lines": [1977, 1978, 1985, 1987, 1994, 1996, 1997, 1998, 2000], "summary": {"covered_lines": 9, "num_statements": 9, "percent_covered": 100.0, "percent_covered_display": "100.0", "missing_lines": 0, "excluded_lines": 0, "percent_statements_covered": 100.0, "percent_statements_covered_display": "100.0"}, "missing_lines": [], "excluded_lines": [], "start_line": 1955}, "HRVRepository.create_training_sessions_table": {"executed_lines": [2040, 2043, 2052, 2053], "summary": {"covered_lines": 4, "num_statements": 4, "percent_covered": 100.0, "percent_covered_display": "100.0", "missing_lines": 0, "excluded_lines": 0, "percent_statements_covered": 100.0, "percent_statements_covered_display": "100.0"}, "missing_lines": [], "excluded_lines": [], "start_line": 2016}, "HRVRepository.save_training_session": {"executed_lines": [2091, 2092, 2093, 2094, 2097, 2102, 2103, 2104, 2105], "summary": {"covered_lines": 9, "num_statements": 9, "percent_covered": 100.0, "percent_covered_display": "100.0", "missing_lines": 0, "excluded_lines": 0, "percent_statements_covered": 100.0, "percent_statements_covered_display": "100.0"}, "missing_lines": [], "excluded_lines": [], "start_line": 2057}, "HRVRepository.delete_training_session": {"executed_lines": [2121, 2124, 2125, 2126], "summary": {"covered_lines": 4, "num_statements": 4, "percent_covered": 100.0, "percent_covered_display": "100.0", "missing_lines": 0, "excluded_lines": 0, "percent_statements_covered": 100.0, "percent_statements_covered_display": "100.0"}, "missing_lines": [], "excluded_lines": [], "start_line": 2107}, "HRVRepository.load_training_sessions": {"executed_lines": [2147, 2150, 2159, 2160, 2161, 2162], "summary": {"covered_lines": 6, "num_statements": 6, "percent_covered": 100.0, "percent_covered_display": "100.0", "missing_lines": 0, "excluded_lines": 0, "percent_statements_covered": 100.0, "percent_statements_covered_display": "100.0"}, "missing_lines": [], "excluded_lines": [], "start_line": 2130}, "HRVRepository.find_training_sessions": {"executed_lines": [2195, 2198, 2199, 2204, 2206, 2211, 2212, 2213, 2214, 2215], "summary": {"covered_lines": 10, "num_statements": 10, "percent_covered": 100.0, "percent_covered_display": "100.0", "missing_lines": 0, "excluded_lines": 0, "percent_statements_covered": 100.0, "percent_statements_covered_display": "100.0"}, "missing_lines": [], "excluded_lines": [], "start_line": 2168}, "HRVRepository.create_user_profiles_table": {"executed_lines": [2251, 2254, 2265, 2266], "summary": {"covered_lines": 4, "num_statements": 4, "percent_covered": 100.0, "percent_covered_display": "100.0", "missing_lines": 0, "excluded_lines": 0, "percent_statements_covered": 100.0, "percent_statements_covered_display": "100.0"}, "missing_lines": [], "excluded_lines": [], "start_line": 2223}, "HRVRepository.save_user_profile": {"executed_lines": [2304, 2305, 2315, 2316, 2317, 2321, 2333, 2334], "summary": {"covered_lines": 8, "num_statements": 8, "percent_covered": 100.0, "percent_covered_display": "100.0", "missing_lines": 0, "excluded_lines": 0, "percent_statements_covered": 100.0, "percent_statements_covered_display": "100.0"}, "missing_lines": [], "excluded_lines": [], "start_line": 2270}, "HRVRepository.update_user_profile": {"executed_lines": [2359, 2360, 2361, 2362, 2363, 2367, 2370, 2376, 2377, 2378], "summary": {"covered_lines": 10, "num_statements": 10, "percent_covered": 100.0, "percent_covered_display": "100.0", "missing_lines": 0, "excluded_lines": 0, "percent_statements_covered": 100.0, "percent_statements_covered_display": "100.0"}, "missing_lines": [], "excluded_lines": [], "start_line": 2336}, "HRVRepository.delete_user_profile": {"executed_lines": [2394, 2397, 2398, 2399], "summary": {"covered_lines": 4, "num_statements": 4, "percent_covered": 100.0, "percent_covered_display": "100.0", "missing_lines": 0, "excluded_lines": 0, "percent_statements_covered": 100.0, "percent_statements_covered_display": "100.0"}, "missing_lines": [], "excluded_lines": [], "start_line": 2380}, "HRVRepository.load_user_profile": {"executed_lines": [2418, 2421, 2424, 2425, 2426, 2427, 2428, 2429], "summary": {"covered_lines": 8, "num_statements": 8, "percent_covered": 100.0, "percent_covered_display": "100.0", "missing_lines": 0, "excluded_lines": 0, "percent_statements_covered": 100.0, "percent_statements_covered_display": "100.0"}, "missing_lines": [], "excluded_lines": [], "start_line": 2403}, "HRVRepository.list_user_profiles": {"executed_lines": [2444, 2447, 2450, 2451, 2452, 2453], "summary": {"covered_lines": 6, "num_statements": 6, "percent_covered": 100.0, "percent_covered_display": "100.0", "missing_lines": 0, "excluded_lines": 0, "percent_statements_covered": 100.0, "percent_statements_covered_display": "100.0"}, "missing_lines": [], "excluded_lines": [], "start_line": 2431}, "": {"executed_lines": [49, 51, 52, 53, 54, 56, 57, 59, 60, 61, 62, 63, 64, 65, 72, 95, 122, 130, 170, 204, 213, 227, 236, 250, 257, 272, 281, 295, 304, 314, 319, 333, 344, 347, 360, 361, 394, 395, 396, 397, 398, 399, 400, 401, 402, 403, 404, 405, 406, 407, 408, 409, 410, 412, 470, 504, 552, 678, 711, 743, 793, 794, 863, 869, 880, 891, 918, 976, 1055, 1118, 1160, 1209, 1297, 1324, 1378, 1419, 1446, 1500, 1541, 1568, 1623, 1665, 1692, 1746, 1787, 1844, 1913, 1955, 2016, 2057, 2107, 2130, 2168, 2223, 2270, 2336, 2380, 2403, 2431], "summary": {"covered_lines": 99, "num_statements": 99, "percent_covered": 100.0, "percent_covered_display": "100.0", "missing_lines": 0, "excluded_lines": 0, "percent_statements_covered": 100.0, "percent_statements_covered_display": "100.0"}, "missing_lines": [], "excluded_lines": [], "start_line": 1}}, "classes": {"OrthostaticRecord": {"executed_lines": [], "summary": {"covered_lines": 0, "num_statements": 4, "percent_covered": 0.0, "percent_covered_display": "0.0", "missing_lines": 4, "excluded_lines": 0, "percent_statements_covered": 0.0, "percent_statements_covered_display": "0.0"}, "missing_lines": [427, 428, 450, 482], "excluded_lines": [], "start_line": 361}, "HRVRepository": {"executed_lines": [761, 772, 773, 780, 781, 782, 783, 784, 785, 786, 787, 788, 789, 844, 865, 866, 867, 871, 873, 874, 876, 877, 878, 882, 883, 887, 942, 944, 949, 953, 958, 960, 971, 972, 997, 998, 1000, 1001, 1002, 1005, 1010, 1020, 1050, 1051, 1073, 1083, 1084, 1085, 1087, 1142, 1144, 1155, 1156, 1182, 1183, 1184, 1187, 1192, 1202, 1204, 1205, 1238, 1242, 1249, 1250, 1251, 1253, 1254, 1255, 1256, 1257, 1260, 1261, 1264, 1265, 1266, 1267, 1270, 1271, 1293, 1308, 1309, 1319, 1320, 1342, 1343, 1344, 1347, 1351, 1360, 1373, 1374, 1392, 1395, 1398, 1399, 1400, 1401, 1430, 1431, 1441, 1442, 1464, 1465, 1466, 1469, 1473, 1482, 1495, 1496, 1514, 1517, 1520, 1521, 1522, 1523, 1552, 1553, 1563, 1564, 1586, 1587, 1588, 1591, 1595, 1604, 1618, 1619, 1637, 1640, 1643, 1644, 1645, 1646, 1676, 1677, 1687, 1688, 1710, 1711, 1712, 1715, 1719, 1728, 1741, 1742, 1760, 1763, 1766, 1767, 1768, 1769, 1822, 1839, 1840, 1877, 1878, 1880, 1895, 1896, 1936, 1942, 1943, 1944, 1946, 1947, 1949, 1950, 1977, 1978, 1985, 1987, 1994, 1996, 1997, 1998, 2000, 2040, 2043, 2052, 2053, 2091, 2092, 2093, 2094, 2097, 2102, 2103, 2104, 2105, 2121, 2124, 2125, 2126, 2147, 2150, 2159, 2160, 2161, 2162, 2195, 2198, 2199, 2204, 2206, 2211, 2212, 2213, 2214, 2215, 2251, 2254, 2265, 2266, 2304, 2305, 2315, 2316, 2317, 2321, 2333, 2334, 2359, 2360, 2361, 2362, 2363, 2367, 2370, 2376, 2377, 2378, 2394, 2397, 2398, 2399, 2418, 2421, 2424, 2425, 2426, 2427, 2428, 2429, 2444, 2447, 2450, 2451, 2452, 2453], "summary": {"covered_lines": 250, "num_statements": 261, "percent_covered": 95.78544061302682, "percent_covered_display": "95.8", "missing_lines": 11, "excluded_lines": 0, "percent_statements_covered": 95.78544061302682, "percent_statements_covered_display": "95.8"}, "missing_lines": [872, 912, 914, 945, 946, 950, 951, 952, 954, 955, 956], "excluded_lines": [], "start_line": 711}, "": {"executed_lines": [49, 51, 52, 53, 54, 56, 57, 59, 60, 61, 62, 63, 64, 65, 72, 87, 88, 95, 122, 130, 147, 170, 204, 213, 227, 236, 250, 257, 272, 281, 295, 304, 314, 319, 333, 344, 347, 360, 361, 394, 395, 396, 397, 398, 399, 400, 401, 402, 403, 404, 405, 406, 407, 408, 409, 410, 412, 470, 504, 527, 552, 580, 581, 582, 583, 585, 678, 693, 694, 695, 697, 698, 699, 700, 701, 711, 743, 793, 794, 863, 869, 880, 891, 918, 976, 1055, 1118, 1160, 1209, 1297, 1324, 1378, 1419, 1446, 1500, 1541, 1568, 1623, 1665, 1692, 1746, 1787, 1844, 1913, 1955, 2016, 2057, 2107, 2130, 2168, 2223, 2270, 2336, 2380, 2403, 2431], "summary": {"covered_lines": 116, "num_statements": 118, "percent_covered": 98.30508474576271, "percent_covered_display": "98.3", "missing_lines": 2, "excluded_lines": 0, "percent_statements_covered": 98.30508474576271, "percent_statements_covered_display": "98.3"}, "missing_lines": [702, 703], "excluded_lines": [], "start_line": 1}}}, "cardiolab/features/__init__.py": {"executed_lines": [], "summary": {"covered_lines": 0, "num_statements": 4, "percent_covered": 0.0, "percent_covered_display": "0.0", "missing_lines": 4, "excluded_lines": 0, "percent_statements_covered": 0.0, "percent_statements_covered_display": "0.0"}, "missing_lines": [3, 4, 5, 7], "excluded_lines": [], "functions": {"": {"executed_lines": [], "summary": {"covered_lines": 0, "num_statements": 4, "percent_covered": 0.0, "percent_covered_display": "0.0", "missing_lines": 4, "excluded_lines": 0, "percent_statements_covered": 0.0, "percent_statements_covered_display": "0.0"}, "missing_lines": [3, 4, 5, 7], "excluded_lines": [], "start_line": 1}}, "classes": {"": {"executed_lines": [], "summary": {"covered_lines": 0, "num_statements": 4, "percent_covered": 0.0, "percent_covered_display": "0.0", "missing_lines": 4, "excluded_lines": 0, "percent_statements_covered": 0.0, "percent_statements_covered_display": "0.0"}, "missing_lines": [3, 4, 5, 7], "excluded_lines": [], "start_line": 1}}}, "cardiolab/features/frequency_domain.py": {"executed_lines": [85, 86, 88, 90, 91, 93, 99, 100, 101, 103, 105, 131, 132, 133, 134, 135, 149, 150, 178, 180, 181, 184, 185, 187, 189, 190, 192, 195, 198, 199, 201, 202, 203, 205, 206, 208, 227, 228], "summary": {"covered_lines": 38, "num_statements": 52, "percent_covered": 73.07692307692308, "percent_covered_display": "73.1", "missing_lines": 14, "excluded_lines": 0, "percent_statements_covered": 73.07692307692308, "percent_statements_covered_display": "73.1"}, "missing_lines": [3, 5, 6, 12, 13, 15, 16, 18, 19, 22, 120, 138, 153, 211], "excluded_lines": [], "functions": {"frequency_domain": {"executed_lines": [85, 86, 88, 90, 91, 93, 99, 100, 101, 103, 105], "summary": {"covered_lines": 11, "num_statements": 11, "percent_covered": 100.0, "percent_covered_display": "100.0", "missing_lines": 0, "excluded_lines": 0, "percent_statements_covered": 100.0, "percent_statements_covered_display": "100.0"}, "missing_lines": [], "excluded_lines": [], "start_line": 22}, "_interpolate": {"executed_lines": [131, 132, 133, 134, 135], "summary": {"covered_lines": 5, "num_statements": 5, "percent_covered": 100.0, "percent_covered_display": "100.0", "missing_lines": 0, "excluded_lines": 0, "percent_statements_covered": 100.0, "percent_statements_covered_display": "100.0"}, "missing_lines": [], "excluded_lines": [], "start_line": 120}, "_welch_psd": {"executed_lines": [149, 150], "summary": {"covered_lines": 2, "num_statements": 2, "percent_covered": 100.0, "percent_covered_display": "100.0", "missing_lines": 0, "excluded_lines": 0, "percent_statements_covered": 100.0, "percent_statements_covered_display": "100.0"}, "missing_lines": [], "excluded_lines": [], "start_line": 138}, "_ar_psd": {"executed_lines": [178, 180, 181, 184, 185, 187, 189, 190, 192, 195, 198, 199, 201, 202, 203, 205, 206, 208], "summary": {"covered_lines": 18, "num_statements": 18, "percent_covered": 100.0, "percent_covered_display": "100.0", "missing_lines": 0, "excluded_lines": 0, "percent_statements_covered": 100.0, "percent_statements_covered_display": "100.0"}, "missing_lines": [], "excluded_lines": [], "start_line": 153}, "_band_power": {"executed_lines": [227, 228], "summary": {"covered_lines": 2, "num_statements": 2, "percent_covered": 100.0, "percent_covered_display": "100.0", "missing_lines": 0, "excluded_lines": 0, "percent_statements_covered": 100.0, "percent_statements_covered_display": "100.0"}, "missing_lines": [], "excluded_lines": [], "start_line": 211}, "": {"executed_lines": [], "summary": {"covered_lines": 0, "num_statements": 14, "percent_covered": 0.0, "percent_covered_display": "0.0", "missing_lines": 14, "excluded_lines": 0, "percent_statements_covered": 0.0, "percent_statements_covered_display": "0.0"}, "missing_lines": [3, 5, 6, 12, 13, 15, 16, 18, 19, 22, 120, 138, 153, 211], "excluded_lines": [], "start_line": 1}}, "classes": {"": {"executed_lines": [85, 86, 88, 90, 91, 93, 99, 100, 101, 103, 105, 131, 132, 133, 134, 135, 149, 150, 178, 180, 181, 184, 185, 187, 189, 190, 192, 195, 198, 199, 201, 202, 203, 205, 206, 208, 227, 228], "summary": {"covered_lines": 38, "num_statements": 52, "percent_covered": 73.07692307692308, "percent_covered_display": "73.1", "missing_lines": 14, "excluded_lines": 0, "percent_statements_covered": 73.07692307692308, "percent_statements_covered_display": "73.1"}, "missing_lines": [3, 5, 6, 12, 13, 15, 16, 18, 19, 22, 120, 138, 153, 211], "excluded_lines": [], "start_line": 1}}}, "cardiolab/features/nonlinear.py": {"executed_lines": [38, 39, 40, 74, 75, 76, 78, 79, 81, 84, 113, 114, 115, 116, 157, 158, 160, 162, 163, 165, 166, 167, 168, 170, 171, 172, 173, 174, 176, 179, 180, 181, 182, 183, 185, 186, 187, 188, 190, 191, 193, 194, 195, 196, 242, 243, 244, 246, 247, 249, 296, 298, 299, 300, 302, 303, 305, 306, 307, 309, 310, 312, 314, 315, 318, 319, 320, 322, 323, 325, 349, 351, 352, 353, 354, 355, 356, 357, 358], "summary": {"covered_lines": 79, "num_statements": 90, "percent_covered": 87.77777777777777, "percent_covered_display": "87.8", "missing_lines": 11, "excluded_lines": 0, "percent_statements_covered": 87.77777777777777, "percent_statements_covered_display": "87.8"}, "missing_lines": [3, 5, 8, 43, 82, 87, 119, 177, 199, 252, 333], "excluded_lines": [], "functions": {"sd1": {"executed_lines": [38, 39, 40], "summary": {"covered_lines": 3, "num_statements": 3, "percent_covered": 100.0, "percent_covered_display": "100.0", "missing_lines": 0, "excluded_lines": 0, "percent_statements_covered": 100.0, "percent_statements_covered_display": "100.0"}, "missing_lines": [], "excluded_lines": [], "start_line": 8}, "sd2": {"executed_lines": [74, 75, 76, 78, 79, 81, 84], "summary": {"covered_lines": 7, "num_statements": 8, "percent_covered": 87.5, "percent_covered_display": "87.5", "missing_lines": 1, "excluded_lines": 0, "percent_statements_covered": 87.5, "percent_statements_covered_display": "87.5"}, "missing_lines": [82], "excluded_lines": [], "start_line": 43}, "sd_ratio": {"executed_lines": [113, 114, 115, 116], "summary": {"covered_lines": 4, "num_statements": 4, "percent_covered": 100.0, "percent_covered_display": "100.0", "missing_lines": 0, "excluded_lines": 0, "percent_statements_covered": 100.0, "percent_statements_covered_display": "100.0"}, "missing_lines": [], "excluded_lines": [], "start_line": 87}, "dfa_alpha1": {"executed_lines": [157, 158, 160, 162, 163, 165, 166, 167, 168, 170, 171, 172, 173, 174, 176, 179, 180, 181, 182, 183, 185, 186, 187, 188, 190, 191, 193, 194, 195, 196], "summary": {"covered_lines": 30, "num_statements": 31, "percent_covered": 96.7741935483871, "percent_covered_display": "96.8", "missing_lines": 1, "excluded_lines": 0, "percent_statements_covered": 96.7741935483871, "percent_statements_covered_display": "96.8"}, "missing_lines": [177], "excluded_lines": [], "start_line": 119}, "apen": {"executed_lines": [242, 243, 244, 246, 247, 249], "summary": {"covered_lines": 6, "num_statements": 6, "percent_covered": 100.0, "percent_covered_display": "100.0", "missing_lines": 0, "excluded_lines": 0, "percent_statements_covered": 100.0, "percent_statements_covered_display": "100.0"}, "missing_lines": [], "excluded_lines": [], "start_line": 199}, "sampen": {"executed_lines": [296, 298, 299, 300, 302, 303, 305, 306, 307, 309, 310, 312, 314, 315, 318, 319, 320, 322, 323, 325], "summary": {"covered_lines": 20, "num_statements": 20, "percent_covered": 100.0, "percent_covered_display": "100.0", "missing_lines": 0, "excluded_lines": 0, "percent_statements_covered": 100.0, "percent_statements_covered_display": "100.0"}, "missing_lines": [], "excluded_lines": [], "start_line": 252}, "_apen_phi": {"executed_lines": [349, 351, 352, 353, 354, 355, 356, 357, 358], "summary": {"covered_lines": 9, "num_statements": 9, "percent_covered": 100.0, "percent_covered_display": "100.0", "missing_lines": 0, "excluded_lines": 0, "percent_statements_covered": 100.0, "percent_statements_covered_display": "100.0"}, "missing_lines": [], "excluded_lines": [], "start_line": 333}, "": {"executed_lines": [], "summary": {"covered_lines": 0, "num_statements": 9, "percent_covered": 0.0, "percent_covered_display": "0.0", "missing_lines": 9, "excluded_lines": 0, "percent_statements_covered": 0.0, "percent_statements_covered_display": "0.0"}, "missing_lines": [3, 5, 8, 43, 87, 119, 199, 252, 333], "excluded_lines": [], "start_line": 1}}, "classes": {"": {"executed_lines": [38, 39, 40, 74, 75, 76, 78, 79, 81, 84, 113, 114, 115, 116, 157, 158, 160, 162, 163, 165, 166, 167, 168, 170, 171, 172, 173, 174, 176, 179, 180, 181, 182, 183, 185, 186, 187, 188, 190, 191, 193, 194, 195, 196, 242, 243, 244, 246, 247, 249, 296, 298, 299, 300, 302, 303, 305, 306, 307, 309, 310, 312, 314, 315, 318, 319, 320, 322, 323, 325, 349, 351, 352, 353, 354, 355, 356, 357, 358], "summary": {"covered_lines": 79, "num_statements": 90, "percent_covered": 87.77777777777777, "percent_covered_display": "87.8", "missing_lines": 11, "excluded_lines": 0, "percent_statements_covered": 87.77777777777777, "percent_statements_covered_display": "87.8"}, "missing_lines": [3, 5, 8, 43, 82, 87, 119, 177, 199, 252, 333], "excluded_lines": [], "start_line": 1}}}, "cardiolab/features/time_domain.py": {"executed_lines": [40, 41, 60, 62, 63, 65, 92, 123, 124], "summary": {"covered_lines": 9, "num_statements": 15, "percent_covered": 60.0, "percent_covered_display": "60.0", "missing_lines": 6, "excluded_lines": 0, "percent_statements_covered": 60.0, "percent_statements_covered_display": "60.0"}, "missing_lines": [3, 5, 8, 44, 68, 95], "excluded_lines": [], "functions": {"rmssd": {"executed_lines": [40, 41], "summary": {"covered_lines": 2, "num_statements": 2, "percent_covered": 100.0, "percent_covered_display": "100.0", "missing_lines": 0, "excluded_lines": 0, "percent_statements_covered": 100.0, "percent_statements_covered_display": "100.0"}, "missing_lines": [], "excluded_lines": [], "start_line": 8}, "ln_rmssd": {"executed_lines": [60, 62, 63, 65], "summary": {"covered_lines": 4, "num_statements": 4, "percent_covered": 100.0, "percent_covered_display": "100.0", "missing_lines": 0, "excluded_lines": 0, "percent_statements_covered": 100.0, "percent_statements_covered_display": "100.0"}, "missing_lines": [], "excluded_lines": [], "start_line": 44}, "sdnn": {"executed_lines": [92], "summary": {"covered_lines": 1, "num_statements": 1, "percent_covered": 100.0, "percent_covered_display": "100.0", "missing_lines": 0, "excluded_lines": 0, "percent_statements_covered": 100.0, "percent_statements_covered_display": "100.0"}, "missing_lines": [], "excluded_lines": [], "start_line": 68}, "pnn50": {"executed_lines": [123, 124], "summary": {"covered_lines": 2, "num_statements": 2, "percent_covered": 100.0, "percent_covered_display": "100.0", "missing_lines": 0, "excluded_lines": 0, "percent_statements_covered": 100.0, "percent_statements_covered_display": "100.0"}, "missing_lines": [], "excluded_lines": [], "start_line": 95}, "": {"executed_lines": [], "summary": {"covered_lines": 0, "num_statements": 6, "percent_covered": 0.0, "percent_covered_display": "0.0", "missing_lines": 6, "excluded_lines": 0, "percent_statements_covered": 0.0, "percent_statements_covered_display": "0.0"}, "missing_lines": [3, 5, 8, 44, 68, 95], "excluded_lines": [], "start_line": 1}}, "classes": {"": {"executed_lines": [40, 41, 60, 62, 63, 65, 92, 123, 124], "summary": {"covered_lines": 9, "num_statements": 15, "percent_covered": 60.0, "percent_covered_display": "60.0", "missing_lines": 6, "excluded_lines": 0, "percent_statements_covered": 60.0, "percent_statements_covered_display": "60.0"}, "missing_lines": [3, 5, 8, 44, 68, 95], "excluded_lines": [], "start_line": 1}}}, "cardiolab/io/__init__.py": {"executed_lines": [3, 18], "summary": {"covered_lines": 2, "num_statements": 2, "percent_covered": 100.0, "percent_covered_display": "100.0", "missing_lines": 0, "excluded_lines": 0, "percent_statements_covered": 100.0, "percent_statements_covered_display": "100.0"}, "missing_lines": [], "excluded_lines": [], "functions": {"": {"executed_lines": [3, 18], "summary": {"covered_lines": 2, "num_statements": 2, "percent_covered": 100.0, "percent_covered_display": "100.0", "missing_lines": 0, "excluded_lines": 0, "percent_statements_covered": 100.0, "percent_statements_covered_display": "100.0"}, "missing_lines": [], "excluded_lines": [], "start_line": 1}}, "classes": {"": {"executed_lines": [3, 18], "summary": {"covered_lines": 2, "num_statements": 2, "percent_covered": 100.0, "percent_covered_display": "100.0", "missing_lines": 0, "excluded_lines": 0, "percent_statements_covered": 100.0, "percent_statements_covered_display": "100.0"}, "missing_lines": [], "excluded_lines": [], "start_line": 1}}}, "cardiolab/io/export.py": {"executed_lines": [35, 37, 38, 39, 40, 41, 51, 59, 61, 63, 64, 65, 68, 70, 71, 72, 75, 77, 78, 79, 80, 82, 83, 86, 88, 92, 93, 94, 95, 96, 98, 106, 128, 129, 132, 153, 154, 157, 179, 180, 183, 204, 212, 220, 239, 261, 269, 288, 310, 318, 337, 359, 367, 386], "summary": {"covered_lines": 54, "num_statements": 84, "percent_covered": 64.28571428571429, "percent_covered_display": "64.3", "missing_lines": 30, "excluded_lines": 7, "percent_statements_covered": 64.28571428571429, "percent_statements_covered_display": "64.3"}, "missing_lines": [89, 90, 213, 215, 216, 217, 236, 252, 253, 262, 264, 265, 266, 285, 301, 302, 311, 313, 314, 315, 334, 350, 351, 360, 362, 363, 364, 383, 399, 400], "excluded_lines": [43, 44, 45, 46, 47, 48, 49], "functions": {"_as_list": {"executed_lines": [61, 63, 64, 65], "summary": {"covered_lines": 4, "num_statements": 4, "percent_covered": 100.0, "percent_covered_display": "100.0", "missing_lines": 0, "excluded_lines": 0, "percent_statements_covered": 100.0, "percent_statements_covered_display": "100.0"}, "missing_lines": [], "excluded_lines": [], "start_line": 59}, "_sanitise": {"executed_lines": [70, 71, 72], "summary": {"covered_lines": 3, "num_statements": 3, "percent_covered": 100.0, "percent_covered_display": "100.0", "missing_lines": 0, "excluded_lines": 0, "percent_statements_covered": 100.0, "percent_statements_covered_display": "100.0"}, "missing_lines": [], "excluded_lines": [], "start_line": 68}, "_sanitise_dict": {"executed_lines": [77, 78, 79, 80, 82, 83], "summary": {"covered_lines": 6, "num_statements": 6, "percent_covered": 100.0, "percent_covered_display": "100.0", "missing_lines": 0, "excluded_lines": 0, "percent_statements_covered": 100.0, "percent_statements_covered_display": "100.0"}, "missing_lines": [], "excluded_lines": [], "start_line": 75}, "_write_csv": {"executed_lines": [88, 92, 93, 94, 95, 96, 98], "summary": {"covered_lines": 7, "num_statements": 9, "percent_covered": 77.77777777777777, "percent_covered_display": "77.8", "missing_lines": 2, "excluded_lines": 0, "percent_statements_covered": 77.77777777777777, "percent_statements_covered_display": "77.8"}, "missing_lines": [89, 90], "excluded_lines": [], "start_line": 86}, "features_to_csv": {"executed_lines": [128, 129], "summary": {"covered_lines": 2, "num_statements": 2, "percent_covered": 100.0, "percent_covered_display": "100.0", "missing_lines": 0, "excluded_lines": 0, "percent_statements_covered": 100.0, "percent_statements_covered_display": "100.0"}, "missing_lines": [], "excluded_lines": [], "start_line": 106}, "features_to_json": {"executed_lines": [153, 154], "summary": {"covered_lines": 2, "num_statements": 2, "percent_covered": 100.0, "percent_covered_display": "100.0", "missing_lines": 0, "excluded_lines": 0, "percent_statements_covered": 100.0, "percent_statements_covered_display": "100.0"}, "missing_lines": [], "excluded_lines": [], "start_line": 132}, "orthostatic_to_json": {"executed_lines": [179, 180], "summary": {"covered_lines": 2, "num_statements": 2, "percent_covered": 100.0, "percent_covered_display": "100.0", "missing_lines": 0, "excluded_lines": 0, "percent_statements_covered": 100.0, "percent_statements_covered_display": "100.0"}, "missing_lines": [], "excluded_lines": [], "start_line": 157}, "orthostatic_to_csv": {"executed_lines": [204], "summary": {"covered_lines": 1, "num_statements": 1, "percent_covered": 100.0, "percent_covered_display": "100.0", "missing_lines": 0, "excluded_lines": 0, "percent_statements_covered": 100.0, "percent_statements_covered_display": "100.0"}, "missing_lines": [], "excluded_lines": [], "start_line": 183}, "_as_coherence_list": {"executed_lines": [], "summary": {"covered_lines": 0, "num_statements": 4, "percent_covered": 0.0, "percent_covered_display": "0.0", "missing_lines": 4, "excluded_lines": 0, "percent_statements_covered": 0.0, "percent_statements_covered_display": "0.0"}, "missing_lines": [213, 215, 216, 217], "excluded_lines": [], "start_line": 212}, "coherence_to_csv": {"executed_lines": [], "summary": {"covered_lines": 0, "num_statements": 1, "percent_covered": 0.0, "percent_covered_display": "0.0", "missing_lines": 1, "excluded_lines": 0, "percent_statements_covered": 0.0, "percent_statements_covered_display": "0.0"}, "missing_lines": [236], "excluded_lines": [], "start_line": 220}, "coherence_to_json": {"executed_lines": [], "summary": {"covered_lines": 0, "num_statements": 2, "percent_covered": 0.0, "percent_covered_display": "0.0", "missing_lines": 2, "excluded_lines": 0, "percent_statements_covered": 0.0, "percent_statements_covered_display": "0.0"}, "missing_lines": [252, 253], "excluded_lines": [], "start_line": 239}, "_as_hrr_list": {"executed_lines": [], "summary": {"covered_lines": 0, "num_statements": 4, "percent_covered": 0.0, "percent_covered_display": "0.0", "missing_lines": 4, "excluded_lines": 0, "percent_statements_covered": 0.0, "percent_statements_covered_display": "0.0"}, "missing_lines": [262, 264, 265, 266], "excluded_lines": [], "start_line": 261}, "hrr_to_csv": {"executed_lines": [], "summary": {"covered_lines": 0, "num_statements": 1, "percent_covered": 0.0, "percent_covered_display": "0.0", "missing_lines": 1, "excluded_lines": 0, "percent_statements_covered": 0.0, "percent_statements_covered_display": "0.0"}, "missing_lines": [285], "excluded_lines": [], "start_line": 269}, "hrr_to_json": {"executed_lines": [], "summary": {"covered_lines": 0, "num_statements": 2, "percent_covered": 0.0, "percent_covered_display": "0.0", "missing_lines": 2, "excluded_lines": 0, "percent_statements_covered": 0.0, "percent_statements_covered_display": "0.0"}, "missing_lines": [301, 302], "excluded_lines": [], "start_line": 288}, "_as_drift_list": {"executed_lines": [], "summary": {"covered_lines": 0, "num_statements": 4, "percent_covered": 0.0, "percent_covered_display": "0.0", "missing_lines": 4, "excluded_lines": 0, "percent_statements_covered": 0.0, "percent_statements_covered_display": "0.0"}, "missing_lines": [311, 313, 314, 315], "excluded_lines": [], "start_line": 310}, "drift_to_csv": {"executed_lines": [], "summary": {"covered_lines": 0, "num_statements": 1, "percent_covered": 0.0, "percent_covered_display": "0.0", "missing_lines": 1, "excluded_lines": 0, "percent_statements_covered": 0.0, "percent_statements_covered_display": "0.0"}, "missing_lines": [334], "excluded_lines": [], "start_line": 318}, "drift_to_json": {"executed_lines": [], "summary": {"covered_lines": 0, "num_statements": 2, "percent_covered": 0.0, "percent_covered_display": "0.0", "missing_lines": 2, "excluded_lines": 0, "percent_statements_covered": 0.0, "percent_statements_covered_display": "0.0"}, "missing_lines": [350, 351], "excluded_lines": [], "start_line": 337}, "_as_vo2max_list": {"executed_lines": [], "summary": {"covered_lines": 0, "num_statements": 4, "percent_covered": 0.0, "percent_covered_display": "0.0", "missing_lines": 4, "excluded_lines": 0, "percent_statements_covered": 0.0, "percent_statements_covered_display": "0.0"}, "missing_lines": [360, 362, 363, 364], "excluded_lines": [], "start_line": 359}, "vo2max_to_csv": {"executed_lines": [], "summary": {"covered_lines": 0, "num_statements": 1, "percent_covered": 0.0, "percent_covered_display": "0.0", "missing_lines": 1, "excluded_lines": 0, "percent_statements_covered": 0.0, "percent_statements_covered_display": "0.0"}, "missing_lines": [383], "excluded_lines": [], "start_line": 367}, "vo2max_to_json": {"executed_lines": [], "summary": {"covered_lines": 0, "num_statements": 2, "percent_covered": 0.0, "percent_covered_display": "0.0", "missing_lines": 2, "excluded_lines": 0, "percent_statements_covered": 0.0, "percent_statements_covered_display": "0.0"}, "missing_lines": [399, 400], "excluded_lines": [], "start_line": 386}, "": {"executed_lines": [35, 37, 38, 39, 40, 41, 51, 59, 68, 75, 86, 106, 132, 157, 183, 212, 220, 239, 261, 269, 288, 310, 318, 337, 359, 367, 386], "summary": {"covered_lines": 27, "num_statements": 27, "percent_covered": 100.0, "percent_covered_display": "100.0", "missing_lines": 0, "excluded_lines": 7, "percent_statements_covered": 100.0, "percent_statements_covered_display": "100.0"}, "missing_lines": [], "excluded_lines": [43, 44, 45, 46, 47, 48, 49], "start_line": 1}}, "classes": {"": {"executed_lines": [35, 37, 38, 39, 40, 41, 51, 59, 61, 63, 64, 65, 68, 70, 71, 72, 75, 77, 78, 79, 80, 82, 83, 86, 88, 92, 93, 94, 95, 96, 98, 106, 128, 129, 132, 153, 154, 157, 179, 180, 183, 204, 212, 220, 239, 261, 269, 288, 310, 318, 337, 359, 367, 386], "summary": {"covered_lines": 54, "num_statements": 84, "percent_covered": 64.28571428571429, "percent_covered_display": "64.3", "missing_lines": 30, "excluded_lines": 7, "percent_statements_covered": 64.28571428571429, "percent_statements_covered_display": "64.3"}, "missing_lines": [89, 90, 213, 215, 216, 217, 236, 252, 253, 262, 264, 265, 266, 285, 301, 302, 311, 313, 314, 315, 334, 350, 351, 360, 362, 363, 364, 383, 399, 400], "excluded_lines": [43, 44, 45, 46, 47, 48, 49], "start_line": 1}}}, "cardiolab/labels.py": {"executed_lines": [24, 28, 164, 302, 322, 323], "summary": {"covered_lines": 6, "num_statements": 7, "percent_covered": 85.71428571428571, "percent_covered_display": "85.7", "missing_lines": 1, "excluded_lines": 0, "percent_statements_covered": 85.71428571428571, "percent_statements_covered_display": "85.7"}, "missing_lines": [324], "excluded_lines": [], "functions": {"lbl": {"executed_lines": [322, 323], "summary": {"covered_lines": 2, "num_statements": 3, "percent_covered": 66.66666666666667, "percent_covered_display": "66.7", "missing_lines": 1, "excluded_lines": 0, "percent_statements_covered": 66.66666666666667, "percent_statements_covered_display": "66.7"}, "missing_lines": [324], "excluded_lines": [], "start_line": 302}, "": {"executed_lines": [24, 28, 164, 302], "summary": {"covered_lines": 4, "num_statements": 4, "percent_covered": 100.0, "percent_covered_display": "100.0", "missing_lines": 0, "excluded_lines": 0, "percent_statements_covered": 100.0, "percent_statements_covered_display": "100.0"}, "missing_lines": [], "excluded_lines": [], "start_line": 1}}, "classes": {"": {"executed_lines": [24, 28, 164, 302, 322, 323], "summary": {"covered_lines": 6, "num_statements": 7, "percent_covered": 85.71428571428571, "percent_covered_display": "85.7", "missing_lines": 1, "excluded_lines": 0, "percent_statements_covered": 85.71428571428571, "percent_statements_covered_display": "85.7"}, "missing_lines": [324], "excluded_lines": [], "start_line": 1}}}, "cardiolab/protocols/__init__.py": {"executed_lines": [], "summary": {"covered_lines": 0, "num_statements": 7, "percent_covered": 0.0, "percent_covered_display": "0.0", "missing_lines": 7, "excluded_lines": 0, "percent_statements_covered": 0.0, "percent_statements_covered_display": "0.0"}, "missing_lines": [3, 4, 5, 6, 14, 15, 17], "excluded_lines": [], "functions": {"": {"executed_lines": [], "summary": {"covered_lines": 0, "num_statements": 7, "percent_covered": 0.0, "percent_covered_display": "0.0", "missing_lines": 7, "excluded_lines": 0, "percent_statements_covered": 0.0, "percent_statements_covered_display": "0.0"}, "missing_lines": [3, 4, 5, 6, 14, 15, 17], "excluded_lines": [], "start_line": 1}}, "classes": {"": {"executed_lines": [], "summary": {"covered_lines": 0, "num_statements": 7, "percent_covered": 0.0, "percent_covered_display": "0.0", "missing_lines": 7, "excluded_lines": 0, "percent_statements_covered": 0.0, "percent_statements_covered_display": "0.0"}, "missing_lines": [3, 4, 5, 6, 14, 15, 17], "excluded_lines": [], "start_line": 1}}}, "cardiolab/protocols/cardiac_coherence.py": {"executed_lines": [77, 132, 133, 138, 139, 140, 142, 143, 144, 152, 153, 155, 156, 157, 159, 160, 161, 166, 167, 168, 169, 170, 171, 172, 173, 175, 176, 177, 178, 179, 181, 183, 184, 190, 201, 202, 204], "summary": {"covered_lines": 37, "num_statements": 66, "percent_covered": 56.06060606060606, "percent_covered_display": "56.1", "missing_lines": 29, "excluded_lines": 0, "percent_statements_covered": 56.06060606060606, "percent_statements_covered_display": "56.1"}, "missing_lines": [28, 30, 
[...]
7, 448, 450, 453, 454, 455, 456, 457, 459, 461, 462, 464, 465, 466, 475, 476, 477, 478, 479, 480, 482, 483, 485, 486, 487, 490, 516, 517, 519, 520, 521, 522, 523, 525, 526, 529, 530, 531, 533, 534, 535, 536, 537, 538, 539, 540, 541, 544, 545, 548, 551, 552, 553, 554, 555, 556, 557, 558, 559, 560, 561, 562, 563, 564, 565, 568, 569, 570, 579, 580, 590, 591, 592, 593, 594, 595, 596, 597, 600, 601, 603, 617, 618, 619, 621, 622, 623, 624, 625, 628, 638, 639, 640, 641, 653, 656, 657, 659], "summary": {"covered_lines": 246, "num_statements": 246, "percent_covered": 100.0, "percent_covered_display": "100.0", "missing_lines": 0, "excluded_lines": 0, "percent_statements_covered": 100.0, "percent_statements_covered_display": "100.0"}, "missing_lines": [], "excluded_lines": [], "start_line": 1}}}, "cardiolab/visualization/spectral_plots.py": {"executed_lines": [12, 14, 16, 17, 18, 20, 27, 28, 29, 30, 31, 35, 36, 37, 38, 39, 40, 42, 57, 72, 102, 103, 104, 105, 108, 112, 113, 118, 119, 120, 121, 124, 127, 129, 130, 133, 135, 140, 157, 159, 164, 176, 178, 179, 180, 186, 216, 217, 218, 219, 220, 221, 223, 225, 227, 228, 229, 230, 232, 233, 235, 236, 237, 238, 239, 240, 241, 243, 244, 247, 274, 275, 276, 277, 279, 280, 282, 284, 285, 294, 304, 305, 307, 315, 317, 318, 319, 320, 321, 322, 323, 325, 326, 329, 364, 365, 368, 369, 370, 371, 372, 376, 377, 382, 383, 388, 389, 390, 391, 393, 394, 396, 398, 406, 416, 417, 418, 427, 428, 429, 439, 440, 441, 442, 443, 444, 445, 448, 449, 459, 460, 461, 462, 464, 465, 466, 469, 503, 504, 508, 509, 510, 513, 517, 520, 521, 522, 523, 525, 528, 529, 537, 540, 541, 542, 545, 553, 554, 555, 556, 558, 559, 560, 561, 563, 564, 567, 609, 610, 613, 614, 615, 616, 617, 621, 622, 627, 628, 634, 635, 637, 643, 644, 645, 646, 647, 648, 650, 652, 653, 654, 656, 666, 667, 668, 669, 670, 671, 672, 683, 684, 685, 686, 687, 688, 690, 691, 695, 697, 704, 705], "summary": {"covered_lines": 211, "num_statements": 211, "percent_covered": 100.0, "percent_covered_display": "100.0", "missing_lines": 0, "excluded_lines": 0, "percent_statements_covered": 100.0, "percent_statements_covered_display": "100.0"}, "missing_lines": [], "excluded_lines": [], "functions": {"_compute_psd": {"executed_lines": [102, 103, 104, 105], "summary": {"covered_lines": 4, "num_statements": 4, "percent_covered": 100.0, "percent_covered_display": "100.0", "missing_lines": 0, "excluded_lines": 0, "percent_statements_covered": 100.0, "percent_statements_covered_display": "100.0"}, "missing_lines": [], "excluded_lines": [], "start_line": 72}, "_fill_bands": {"executed_lines": [112, 113, 118, 119, 120, 121, 124], "summary": {"covered_lines": 7, "num_statements": 7, "percent_covered": 100.0, "percent_covered_display": "100.0", "missing_lines": 0, "excluded_lines": 0, "percent_statements_covered": 100.0, "percent_statements_covered_display": "100.0"}, "missing_lines": [], "excluded_lines": [], "start_line": 108}, "_draw_band_boundaries": {"executed_lines": [129, 130], "summary": {"covered_lines": 2, "num_statements": 2, "percent_covered": 100.0, "percent_covered_display": "100.0", "missing_lines": 0, "excluded_lines": 0, "percent_statements_covered": 100.0, "percent_statements_covered_display": "100.0"}, "missing_lines": [], "excluded_lines": [], "start_line": 127}, "_annotate_powers": {"executed_lines": [135, 140], "summary": {"covered_lines": 2, "num_statements": 2, "percent_covered": 100.0, "percent_covered_display": "100.0", "missing_lines": 0, "excluded_lines": 0, "percent_statements_covered": 100.0, "percent_statements_covered_display": "100.0"}, "missing_lines": [], "excluded_lines": [], "start_line": 133}, "_label_bands": {"executed_lines": [159, 164], "summary": {"covered_lines": 2, "num_statements": 2, "percent_covered": 100.0, "percent_covered_display": "100.0", "missing_lines": 0, "excluded_lines": 0, "percent_statements_covered": 100.0, "percent_statements_covered_display": "100.0"}, "missing_lines": [], "excluded_lines": [], "start_line": 157}, "_safe_norm": {"executed_lines": [178, 179, 180], "summary": {"covered_lines": 3, "num_statements": 3, "percent_covered": 100.0, "percent_covered_display": "100.0", "missing_lines": 0, "excluded_lines": 0, "percent_statements_covered": 100.0, "percent_statements_covered_display": "100.0"}, "missing_lines": [], "excluded_lines": [], "start_line": 176}, "plot_psd_welch": {"executed_lines": [216, 217, 218, 219, 220, 221, 223, 225, 227, 228, 229, 230, 232, 233, 235, 236, 237, 238, 239, 240, 241, 243, 244], "summary": {"covered_lines": 23, "num_statements": 23, "percent_covered": 100.0, "percent_covered_display": "100.0", "missing_lines": 0, "excluded_lines": 0, "percent_statements_covered": 100.0, "percent_statements_covered_display": "100.0"}, "missing_lines": [], "excluded_lines": [], "start_line": 186}, "plot_psd_comparison": {"executed_lines": [274, 275, 276, 277, 279, 280, 282, 284, 285, 294, 304, 305, 307, 315, 317, 318, 319, 320, 321, 322, 323, 325, 326], "summary": {"covered_lines": 23, "num_statements": 23, "percent_covered": 100.0, "percent_covered_display": "100.0", "missing_lines": 0, "excluded_lines": 0, "percent_statements_covered": 100.0, "percent_statements_covered_display": "100.0"}, "missing_lines": [], "excluded_lines": [], "start_line": 247}, "plot_lf_hf_evolution": {"executed_lines": [364, 365, 368, 369, 370, 371, 372, 376, 377, 382, 383, 388, 389, 390, 391, 393, 394, 396, 398, 406, 416, 417, 418, 427, 428, 429, 439, 440, 441, 442, 443, 444, 445, 448, 449, 459, 460, 461, 462, 464, 465, 466], "summary": {"covered_lines": 42, "num_statements": 42, "percent_covered": 100.0, "percent_covered_display": "100.0", "missing_lines": 0, "excluded_lines": 0, "percent_statements_covered": 100.0, "percent_statements_covered_display": "100.0"}, "missing_lines": [], "excluded_lines": [], "start_line": 329}, "plot_hrv_radar": {"executed_lines": [503, 504, 508, 509, 510, 513, 517, 520, 521, 522, 523, 525, 528, 529, 537, 540, 541, 542, 545, 553, 554, 555, 556, 558, 559, 560, 561, 563, 564], "summary": {"covered_lines": 29, "num_statements": 29, "percent_covered": 100.0, "percent_covered_display": "100.0", "missing_lines": 0, "excluded_lines": 0, "percent_statements_covered": 100.0, "percent_statements_covered_display": "100.0"}, "missing_lines": [], "excluded_lines": [], "start_line": 469}, "plot_spectral_heatmap": {"executed_lines": [609, 610, 613, 614, 615, 616, 617, 621, 622, 627, 628, 634, 635, 637, 643, 644, 645, 646, 647, 648, 650, 652, 653, 654, 656, 666, 667, 668, 669, 670, 671, 672, 683, 684, 685, 686, 687, 688, 690, 691, 695, 697, 704, 705], "summary": {"covered_lines": 44, "num_statements": 44, "percent_covered": 100.0, "percent_covered_display": "100.0", "missing_lines": 0, "excluded_lines": 0, "percent_statements_covered": 100.0, "percent_statements_covered_display": "100.0"}, "missing_lines": [], "excluded_lines": [], "start_line": 567}, "": {"executed_lines": [12, 14, 16, 17, 18, 20, 27, 28, 29, 30, 31, 35, 36, 37, 38, 39, 40, 42, 57, 72, 108, 127, 133, 157, 176, 186, 247, 329, 469, 567], "summary": {"covered_lines": 30, "num_statements": 30, "percent_covered": 100.0, "percent_covered_display": "100.0", "missing_lines": 0, "excluded_lines": 0, "percent_statements_covered": 100.0, "percent_statements_covered_display": "100.0"}, "missing_lines": [], "excluded_lines": [], "start_line": 1}}, "classes": {"": {"executed_lines": [12, 14, 16, 17, 18, 20, 27, 28, 29, 30, 31, 35, 36, 37, 38, 39, 40, 42, 57, 72, 102, 103, 104, 105, 108, 112, 113, 118, 119, 120, 121, 124, 127, 129, 130, 133, 135, 140, 157, 159, 164, 176, 178, 179, 180, 186, 216, 217, 218, 219, 220, 221, 223, 225, 227, 228, 229, 230, 232, 233, 235, 236, 237, 238, 239, 240, 241, 243, 244, 247, 274, 275, 276, 277, 279, 280, 282, 284, 285, 294, 304, 305, 307, 315, 317, 318, 319, 320, 321, 322, 323, 325, 326, 329, 364, 365, 368, 369, 370, 371, 372, 376, 377, 382, 383, 388, 389, 390, 391, 393, 394, 396, 398, 406, 416, 417, 418, 427, 428, 429, 439, 440, 441, 442, 443, 444, 445, 448, 449, 459, 460, 461, 462, 464, 465, 466, 469, 503, 504, 508, 509, 510, 513, 517, 520, 521, 522, 523, 525, 528, 529, 537, 540, 541, 542, 545, 553, 554, 555, 556, 558, 559, 560, 561, 563, 564, 567, 609, 610, 613, 614, 615, 616, 617, 621, 622, 627, 628, 634, 635, 637, 643, 644, 645, 646, 647, 648, 650, 652, 653, 654, 656, 666, 667, 668, 669, 670, 671, 672, 683, 684, 685, 686, 687, 688, 690, 691, 695, 697, 704, 705], "summary": {"covered_lines": 211, "num_statements": 211, "percent_covered": 100.0, "percent_covered_display": "100.0", "missing_lines": 0, "excluded_lines": 0, "percent_statements_covered": 100.0, "percent_statements_covered_display": "100.0"}, "missing_lines": [], "excluded_lines": [], "start_line": 1}}}, "cardiolab/visualization/training_load_plots.py": {"executed_lines": [3, 5, 7, 8, 9, 10, 12, 19, 20, 21, 22, 23, 24, 29, 36, 46, 59, 61, 62, 63, 64, 70, 77, 79, 80, 81, 83, 84, 90, 122, 124, 125, 126, 127, 128, 130, 133, 140, 149, 150, 152, 153, 154, 157, 158, 160, 163, 164, 173, 174, 182, 183, 184, 186, 187, 188, 190, 191, 192, 195, 228, 230, 231, 232, 233, 236, 237, 238, 239, 241, 245, 246, 249, 250, 251, 260, 262, 263, 265, 266, 267, 270, 271, 272, 273, 274, 275, 276, 277, 280, 281, 283, 284, 285, 288, 318, 320, 321, 322, 324, 325, 326, 328, 330, 331, 334, 335, 336, 337, 338, 342, 343, 344, 345, 346, 348, 349, 350, 352, 353, 354, 356, 357, 358, 360, 367, 368, 369], "summary": {"covered_lines": 128, "num_statements": 129, "percent_covered": 99.2248062015504, "percent_covered_display": "99.2", "missing_lines": 1, "excluded_lines": 2, "percent_statements_covered": 99.2248062015504, "percent_statements_covered_display": "99.2"}, "missing_lines": [71], "excluded_lines": [14, 15], "functions": {"_validate_training_load": {"executed_lines": [61, 62, 63, 64, 70], "summary": {"covered_lines": 5, "num_statements": 6, "percent_covered": 83.33333333333333, "percent_covered_display": "83.3", "missing_lines": 1, "excluded_lines": 0, "percent_statements_covered": 83.33333333333333, "percent_statements_covered_display": "83.3"}, "missing_lines": [71], "excluded_lines": [], "start_line": 59}, "_x_ticks": {"executed_lines": [79, 80, 81, 83, 84], "summary": {"covered_lines": 5, "num_statements": 5, "percent_covered": 100.0, "percent_covered_display": "100.0", "missing_lines": 0, "excluded_lines": 0, "percent_statements_covered": 100.0, "percent_statements_covered_display": "100.0"}, "missing_lines": [], "excluded_lines": [], "start_line": 77}, "plot_atl_ctl_tsb": {"executed_lines": [122, 124, 125, 126, 127, 128, 130, 133, 140, 149, 150, 152, 153, 154, 157, 158, 160, 163, 164, 173, 174, 182, 183, 184, 186, 187, 188, 190, 191, 192], "summary": {"covered_lines": 30, "num_statements": 30, "percent_covered": 100.0, "percent_covered_display": "100.0", "missing_lines": 0, "excluded_lines": 0, "percent_statements_covered": 100.0, "percent_statements_covered_display": "100.0"}, "missing_lines": [], "excluded_lines": [], "start_line": 90}, "plot_trimp_history": {"executed_lines": [228, 230, 231, 232, 233, 236, 237, 238, 239, 241, 245, 246, 249, 250, 251, 260, 262, 263, 265, 266, 267, 270, 271, 272, 273, 274, 275, 276, 277, 280, 281, 283, 284, 285], "summary": {"covered_lines": 34, "num_statements": 34, "percent_covered": 100.0, "percent_covered_display": "100.0", "missing_lines": 0, "excluded_lines": 0, "percent_statements_covered": 100.0, "percent_statements_covered_display": "100.0"}, "missing_lines": [], "excluded_lines": [], "start_line": 195}, "plot_tsb_zones": {"executed_lines": [318, 320, 321, 322, 324, 325, 326, 328, 330, 331, 334, 335, 336, 337, 338, 342, 343, 344, 345, 346, 348, 349, 350, 352, 353, 354, 356, 357, 358, 360, 367, 368, 369], "summary": {"covered_lines": 33, "num_statements": 33, "percent_covered": 100.0, "percent_covered_display": "100.0", "missing_lines": 0, "excluded_lines": 0, "percent_statements_covered": 100.0, "percent_statements_covered_display": "100.0"}, "missing_lines": [], "excluded_lines": [], "start_line": 288}, "": {"executed_lines": [3, 5, 7, 8, 9, 10, 12, 19, 20, 21, 22, 23, 24, 29, 36, 46, 59, 77, 90, 195, 288], "summary": {"covered_lines": 21, "num_statements": 21, "percent_covered": 100.0, "percent_covered_display": "100.0", "missing_lines": 0, "excluded_lines": 2, "percent_statements_covered": 100.0, "percent_statements_covered_display": "100.0"}, "missing_lines": [], "excluded_lines": [14, 15], "start_line": 1}}, "classes": {"": {"executed_lines": [3, 5, 7, 8, 9, 10, 12, 19, 20, 21, 22, 23, 24, 29, 36, 46, 59, 61, 62, 63, 64, 70, 77, 79, 80, 81, 83, 84, 90, 122, 124, 125, 126, 127, 128, 130, 133, 140, 149, 150, 152, 153, 154, 157, 158, 160, 163, 164, 173, 174, 182, 183, 184, 186, 187, 188, 190, 191, 192, 195, 228, 230, 231, 232, 233, 236, 237, 238, 239, 241, 245, 246, 249, 250, 251, 260, 262, 263, 265, 266, 267, 270, 271, 272, 273, 274, 275, 276, 277, 280, 281, 283, 284, 285, 288, 318, 320, 321, 322, 324, 325, 326, 328, 330, 331, 334, 335, 336, 337, 338, 342, 343, 344, 345, 346, 348, 349, 350, 352, 353, 354, 356, 357, 358, 360, 367, 368, 369], "summary": {"covered_lines": 128, "num_statements": 129, "percent_covered": 99.2248062015504, "percent_covered_display": "99.2", "missing_lines": 1, "excluded_lines": 2, "percent_statements_covered": 99.2248062015504, "percent_statements_covered_display": "99.2"}, "missing_lines": [71], "excluded_lines": [14, 15], "start_line": 1}}}, "cardiolab/visualization/vo2max_plots.py": {"executed_lines": [14, 16, 18, 19, 20, 21, 23, 24, 28, 29, 30, 31, 32, 34, 38, 45, 55, 63, 71, 72, 73, 74, 75, 76, 78, 79, 85, 114, 117, 118, 119, 120, 121, 123, 124, 125, 127, 129, 132, 133, 134, 137, 138, 139, 140, 141, 144, 145, 146, 157, 158, 161, 162, 174, 175, 176, 177, 183, 200, 201, 202, 203, 204, 205, 206, 207, 210, 242, 243, 245, 246, 249, 251, 252, 253, 255, 258, 259, 260, 263, 264, 265, 268, 269, 280, 283, 284, 285, 286, 297, 298, 301, 302, 303, 313, 314, 315, 316, 317, 318, 319, 320, 321, 324, 352, 354, 355, 357, 358, 359, 360, 361, 364, 365, 366, 367, 380, 395, 403, 404, 405, 406, 407, 408, 409, 410, 411, 412, 413, 416, 417, 420, 421, 422, 423, 424, 425, 438, 439, 440, 441, 442, 450, 453, 454, 455, 465, 466, 477, 478, 479, 485, 491, 492, 495, 497, 498, 499, 502, 504, 505, 508, 510, 511, 512, 513, 514, 515, 516, 521, 523], "summary": {"covered_lines": 171, "num_statements": 171, "percent_covered": 100.0, "percent_covered_display": "100.0", "missing_lines": 0, "excluded_lines": 0, "percent_statements_covered": 100.0, "percent_statements_covered_display": "100.0"}, "missing_lines": [], "excluded_lines": [], "functions": {"plot_vo2max_comparison": {"executed_lines": [114, 117, 118, 119, 120, 121, 123, 124, 125, 127, 129, 132, 133, 134, 137, 138, 139, 140, 141, 144, 145, 146, 157, 158, 161, 162, 174, 175, 176, 177, 183, 200, 201, 202, 203, 204, 205, 206, 207], "summary": {"covered_lines": 39, "num_statements": 39, "percent_covered": 100.0, "percent_covered_display": "100.0", "missing_lines": 0, "excluded_lines": 0, "percent_statements_covered": 100.0, "percent_statements_covered_display": "100.0"}, "missing_lines": [], "excluded_lines": [], "start_line": 85}, "plot_vo2max_evolution": {"executed_lines": [242, 243, 245, 246, 249, 251, 252, 253, 255, 258, 259, 260, 263, 264, 265, 268, 269, 280, 283, 284, 285, 286, 297, 298, 301, 302, 303, 313, 314, 315, 316, 317, 318, 319, 320, 321], "summary": {"covered_lines": 36, "num_statements": 36, "percent_covered": 100.0, "percent_covered_display": "100.0", "missing_lines": 0, "excluded_lines": 0, "percent_statements_covered": 100.0, "percent_statements_covered_display": "100.0"}, "missing_lines": [], "excluded_lines": [], "start_line": 210}, "plot_vo2max_gauge": {"executed_lines": [352, 354, 355, 357, 358, 359, 360, 361, 364, 365, 366, 367, 380, 395, 403, 404, 405, 406, 407, 408, 409, 410, 411, 412, 413, 416, 417, 420, 421, 422, 423, 424, 425, 438, 439, 440, 441, 442, 450, 453, 454, 455, 465, 466, 477, 478, 479], "summary": {"covered_lines": 47, "num_statements": 47, "percent_covered": 100.0, "percent_covered_display": "100.0", "missing_lines": 0, "excluded_lines": 0, "percent_statements_covered": 100.0, "percent_statements_covered_display": "100.0"}, "missing_lines": [], "excluded_lines": [], "start_line": 324}, "_angle_from_vo2max": {"executed_lines": [491, 492], "summary": {"covered_lines": 2, "num_statements": 2, "percent_covered": 100.0, "percent_covered_display": "100.0", "missing_lines": 0, "excluded_lines": 0, "percent_statements_covered": 100.0, "percent_statements_covered_display": "100.0"}, "missing_lines": [], "excluded_lines": [], "start_line": 485}, "_best_estimate": {"executed_lines": [497, 498, 499], "summary": {"covered_lines": 3, "num_statements": 3, "percent_covered": 100.0, "percent_covered_display": "100.0", "missing_lines": 0, "excluded_lines": 0, "percent_statements_covered": 100.0, "percent_statements_covered_display": "100.0"}, "missing_lines": [], "excluded_lines": [], "start_line": 495}, "_validate_result": {"executed_lines": [504, 505], "summary": {"covered_lines": 2, "num_statements": 2, "percent_covered": 100.0, "percent_covered_display": "100.0", "missing_lines": 0, "excluded_lines": 0, "percent_statements_covered": 100.0, "percent_statements_covered_display": "100.0"}, "missing_lines": [], "excluded_lines": [], "start_line": 502}, "_validate_results_list": {"executed_lines": [510, 511, 512, 513, 514, 515, 516], "summary": {"covered_lines": 7, "num_statements": 7, "percent_covered": 100.0, "percent_covered_display": "100.0", "missing_lines": 0, "excluded_lines": 0, "percent_statements_covered": 100.0, "percent_statements_covered_display": "100.0"}, "missing_lines": [], "excluded_lines": [], "start_line": 508}, "_default_labels": {"executed_lines": [523], "summary": {"covered_lines": 1, "num_statements": 1, "percent_covered": 100.0, "percent_covered_display": "100.0", "missing_lines": 0, "excluded_lines": 0, "percent_statements_covered": 100.0, "percent_statements_covered_display": "100.0"}, "missing_lines": [], "excluded_lines": [], "start_line": 521}, "": {"executed_lines": [14, 16, 18, 19, 20, 21, 23, 24, 28, 29, 30, 31, 32, 34, 38, 45, 55, 63, 71, 72, 73, 74, 75, 76, 78, 79, 85, 210, 324, 485, 495, 502, 508, 521], "summary": {"covered_lines": 34, "num_statements": 34, "percent_covered": 100.0, "percent_covered_display": "100.0", "missing_lines": 0, "excluded_lines": 0, "percent_statements_covered": 100.0, "percent_statements_covered_display": "100.0"}, "missing_lines": [], "excluded_lines": [], "start_line": 1}}, "classes": {"": {"executed_lines": [14, 16, 18, 19, 20, 21, 23, 24, 28, 29, 30, 31, 32, 34, 38, 45, 55, 63, 71, 72, 73, 74, 75, 76, 78, 79, 85, 114, 117, 118, 119, 120, 121, 123, 124, 125, 127, 129, 132, 133, 134, 137, 138, 139, 140, 141, 144, 145, 146, 157, 158, 161, 162, 174, 175, 176, 177, 183, 200, 201, 202, 203, 204, 205, 206, 207, 210, 242, 243, 245, 246, 249, 251, 252, 253, 255, 258, 259, 260, 263, 264, 265, 268, 269, 280, 283, 284, 285, 286, 297, 298, 301, 302, 303, 313, 314, 315, 316, 317, 318, 319, 320, 321, 324, 352, 354, 355, 357, 358, 359, 360, 361, 364, 365, 366, 367, 380, 395, 403, 404, 405, 406, 407, 408, 409, 410, 411, 412, 413, 416, 417, 420, 421, 422, 423, 424, 425, 438, 439, 440, 441, 442, 450, 453, 454, 455, 465, 466, 477, 478, 479, 485, 491, 492, 495, 497, 498, 499, 502, 504, 505, 508, 510, 511, 512, 513, 514, 515, 516, 521, 523], "summary": {"covered_lines": 171, "num_statements": 171, "percent_covered": 100.0, "percent_covered_display": "100.0", "missing_lines": 0, "excluded_lines": 0, "percent_statements_covered": 100.0, "percent_statements_covered_display": "100.0"}, "missing_lines": [], "excluded_lines": [], "start_line": 1}}}}, "totals": {"covered_lines": 3750, "num_statements": 4487, "percent_covered": 83.57477156229106, "percent_covered_display": "83.6", "missing_lines": 737, "excluded_lines": 11, "percent_statements_covered": 83.57477156229106, "percent_statements_covered_display": "83.6"}}